<?xml version="1.0" encoding="UTF-8"?>
<testsuites name="features_results" tests="170" failures="1" errors="0" skipped="1" time="0.107740000">
  <testsuite name="../docs/features/A005_Given.md" tests="4" failures="0" errors="0" skipped="0" time="0.107740000">
    <testcase name="Checking that there is no file or dir" classname="../docs/features/A005_Given.md" time="0.000370000"/>
    <testcase name="Checking that there is some dir" classname="../docs/features/A005_Given.md" time="0.000299000"/>
    <testcase name="Checking that there is a file with some content" classname="../docs/features/A005_Given.md" time="0.003897000"/>
    <testcase name="Creating a file with some content" classname="../docs/features/A005_Given.md" time="0.000762000"/>
  </testsuite>
  <testsuite name="../docs/features/A006_Given_Executable_File.md" tests="2" failures="0" errors="0" skipped="0" time="0.505129000">
    <testcase name="trying to run a script without the executable keyword should fail" classname="../docs/features/A006_Given_Executable_File.md" time="0.116132000"/>
    <testcase name="trying to run the same script created with the executable attribute should succeed" classname="../docs/features/A006_Given_Executable_File.md" time="0.287454000"/>
  </testsuite>
  <testsuite name="../docs/features/A010_Then_Contains_Code_Span.md" tests="3" failures="0" errors="0" skipped="0" time="0.114130000">
    <testcase name="test on a string output" classname="../docs/features/A010_Then_Contains_Code_Span.md" time="0.008431000"/>
    <testcase name="test on a multiline output" classname="../docs/features/A010_Then_Contains_Code_Span.md" time="0.004112000"/>
    <testcase name="test on a file" classname="../docs/features/A010_Then_Contains_Code_Span.md" time="0.000808000"/>
  </testsuite>
  <testsuite name="../docs/features/A020_Then_Contains_Code_Block.md" tests="2" failures="0" errors="0" skipped="0" time="0.219165000">
    <testcase name="test the standard output" classname="../docs/features/A020_Then_Contains_Code_Block.md" time="0.006545000"/>
    <testcase name="compare with an existing file" classname="../docs/features/A020_Then_Contains_Code_Block.md" time="0.110286000"/>
  </testsuite>
  <testsuite name="../docs/features/A030_Then_Does_Not_Contain.md" tests="3" failures="0" errors="0" skipped="0" time="0.338361000">
    <testcase name="Successful checks" classname="../docs/features/A030_Then_Does_Not_Contain.md" time="0.006530000"/>
    <testcase name="Failed &quot;output doesn&apos;t contain&quot;" classname="../docs/features/A030_Then_Does_Not_Contain.md" time="0.114738000"/>
    <testcase name="Failed &quot;file doesn&apos;t contain&quot;" classname="../docs/features/A030_Then_Does_Not_Contain.md" time="0.115879000"/>
  </testsuite>
  <testsuite name="../docs/features/A040_Example_Keyword.md" tests="2" failures="0" errors="0" skipped="0" time="0.114028000">
    <testcase name="NOK return code" classname="../docs/features/A040_Example_Keyword.md" time="0.003328000"/>
    <testcase name="NOK return code" classname="../docs/features/A040_Example_Keyword.md" time="0.008632000"/>
  </testsuite>
  <testsuite name="../docs/features/A050_Then_File_Is_Code_Block.md" tests="2" failures="0" errors="0" skipped="0" time="0.215974000">
    <testcase name="file is as expected" classname="../docs/features/A050_Then_File_Is_Code_Block.md" time="0.001592000"/>
    <testcase name="file is not as expected" classname="../docs/features/A050_Then_File_Is_Code_Block.md" time="0.111221000"/>
  </testsuite>
  <testsuite name="../docs/features/A060_Then_File_Equal_Code_Span.md" tests="2" failures="0" errors="0" skipped="0" time="0.231413000">
    <testcase name="test on a single line file" classname="../docs/features/A060_Then_File_Equal_Code_Span.md" time="0.006569000"/>
    <testcase name="adding a second line to the file, so the same test should fail" classname="../docs/features/A060_Then_File_Equal_Code_Span.md" time="0.121307000"/>
  </testsuite>
  <testsuite name="../docs/features/A065_Then_File_Equal_File.md" tests="3" failures="0" errors="0" skipped="0" time="0.224559000">
    <testcase name="test `is equal to file` form" classname="../docs/features/A065_Then_File_Equal_File.md" time="0.006631000"/>
    <testcase name="test `is equal to file` when files are *not* equal" classname="../docs/features/A065_Then_File_Equal_File.md" time="0.116397000"/>
    <testcase name="test the negative form `is not equal to file`" classname="../docs/features/A065_Then_File_Equal_File.md" time="0.001095000"/>
  </testsuite>
  <testsuite name="../docs/features/A070_Then_Get_Code_Span.md" tests="2" failures="0" errors="0" skipped="0" time="0.107239000">
    <testcase name="asking for sut help" classname="../docs/features/A070_Then_Get_Code_Span.md" time="0.003497000"/>
    <testcase name="causing an sut error with a long explanation" classname="../docs/features/A070_Then_Get_Code_Span.md" time="0.003358000"/>
  </testsuite>
  <testsuite name="../docs/features/A080_Then_Output_Equal_To_File.md" tests="1" failures="0" errors="0" skipped="0" time="0.110803000">
    <testcase name="test `output is equal` keyword" classname="../docs/features/A080_Then_Output_Equal_To_File.md" time="0.005880000"/>
  </testsuite>
  <testsuite name="../docs/features/A090_Then_Get_Error.md" tests="2" failures="0" errors="0" skipped="0" time="0.111007000">
    <testcase name="NOK return code" classname="../docs/features/A090_Then_Get_Error.md" time="0.003303000"/>
    <testcase name="OK return code" classname="../docs/features/A090_Then_Get_Error.md" time="0.004341000"/>
  </testsuite>
  <testsuite name="../docs/features/A100_Then_Get_Stderr.md" tests="1" failures="0" errors="0" skipped="0" time="0.105990000">
    <testcase name="unknown option" classname="../docs/features/A100_Then_Get_Stderr.md" time="0.005094000"/>
  </testsuite>
  <testsuite name="../docs/features/A110_Then_No_Output.md" tests="2" failures="0" errors="0" skipped="0" time="0.225517000">
    <testcase name="silent operation" classname="../docs/features/A110_Then_No_Output.md" time="0.003653000"/>
    <testcase name="silent operation expected, but there is an output" classname="../docs/features/A110_Then_No_Output.md" time="0.119262000"/>
  </testsuite>
  <testsuite name="../docs/features/A120_Then_Get_String.md" tests="1" failures="0" errors="0" skipped="0" time="0.113027000">
    <testcase name="asking for sut version" classname="../docs/features/A120_Then_Get_String.md" time="0.008495000"/>
  </testsuite>
  <testsuite name="../docs/features/A130_Successfully_Keyword.md" tests="3" failures="0" errors="0" skipped="0" time="0.224451000">
    <testcase name="*when I successfully run* a command with successful run" classname="../docs/features/A130_Successfully_Keyword.md" time="0.008335000"/>
    <testcase name="*when I successfully run* a command with a wrong command line, returns an error status" classname="../docs/features/A130_Successfully_Keyword.md" time="0.112298000"/>
    <testcase name="*when I run* a command with a wrong command line" classname="../docs/features/A130_Successfully_Keyword.md" time="0.003248000"/>
  </testsuite>
  <testsuite name="../docs/features/A140_Unordered_Keyword.md" tests="4" failures="0" errors="0" skipped="0" time="0.346858000">
    <testcase name="&quot;I get&quot; without the modifier" classname="../docs/features/A140_Unordered_Keyword.md" time="0.117098000"/>
    <testcase name="same &quot;I get&quot; with the modifier" classname="../docs/features/A140_Unordered_Keyword.md" time="0.008343000"/>
    <testcase name="&quot;contains&quot; without the modifier" classname="../docs/features/A140_Unordered_Keyword.md" time="0.115942000"/>
    <testcase name="same &quot;contains&quot; but with the &quot;unordered&quot; modifier" classname="../docs/features/A140_Unordered_Keyword.md" time="0.003517000"/>
  </testsuite>
  <testsuite name="../docs/features/A150_Background_Keyword.md" tests="4" failures="0" errors="0" skipped="0" time="0.108919000">
    <testcase name="lets erase what was created by previous background runs" classname="../docs/features/A150_Background_Keyword.md" time="0.004896000"/>
    <testcase name="Two Background executed" classname="../docs/features/A150_Background_Keyword.md" time="0.000158000"/>
    <testcase name="lets erase once more what was created by previous background runs" classname="../docs/features/A150_Background_Keyword.md" time="0.000304000"/>
    <testcase name="only first background should apply" classname="../docs/features/A150_Background_Keyword.md" time="0.000189000"/>
  </testsuite>
  <testsuite name="../docs/features/A160_Ignoring_Blank_Lines.md" tests="4" failures="0" errors="0" skipped="0" time="0.775648000">
    <testcase name="some obvious tests" classname="../docs/features/A160_Ignoring_Blank_Lines.md" time="0.001548000"/>
    <testcase name="default behavior, non sensible to blank lines" classname="../docs/features/A160_Ignoring_Blank_Lines.md" time="0.224134000"/>
    <testcase name="with --exact_match, sensible to blank lines" classname="../docs/features/A160_Ignoring_Blank_Lines.md" time="0.223101000"/>
    <testcase name="with --exact_match and --ignore_blank_lines, non sensible to blank lines" classname="../docs/features/A160_Ignoring_Blank_Lines.md" time="0.220749000"/>
  </testsuite>
  <testsuite name="../docs/features/A170_File_vs_File_Name.md" tests="3" failures="0" errors="0" skipped="0" time="0.109867000">
    <testcase name="&quot;Then I get file&quot; form" classname="../docs/features/A170_File_vs_File_Name.md" time="0.004283000"/>
    <testcase name="&quot;Then output is | contains | does not contain file&quot; form" classname="../docs/features/A170_File_vs_File_Name.md" time="0.003990000"/>
    <testcase name="&quot;Then file is | contains | does not contain file&quot; form" classname="../docs/features/A170_File_vs_File_Name.md" time="0.000462000"/>
  </testsuite>
  <testsuite name="../docs/features/A190_Run.md" tests="4" failures="0" errors="0" skipped="0" time="0.344577000">
    <testcase name="the command relative path is given" classname="../docs/features/A190_Run.md" time="0.003826000"/>
    <testcase name="the command is in the PATH" classname="../docs/features/A190_Run.md" time="0.017956000"/>
    <testcase name="command not found" classname="../docs/features/A190_Run.md" time="0.110133000"/>
    <testcase name="the command is not executable (Unix_Only)" classname="../docs/features/A190_Run.md" time="0.112153000"/>
  </testsuite>
  <testsuite name="../docs/features/A195_Run_Or.md" tests="5" failures="0" errors="0" skipped="0" time="0.573283000">
    <testcase name="normal use case" classname="../docs/features/A195_Run_Or.md" time="0.116422000"/>
    <testcase name="The last command does not meet expectation (test should fail)" classname="../docs/features/A195_Run_Or.md" time="0.115269000"/>
    <testcase name="Missing command before &quot;or&quot;" classname="../docs/features/A195_Run_Or.md" time="0.118630000"/>
    <testcase name="Missing command after &quot;or&quot;" classname="../docs/features/A195_Run_Or.md" time="0.004872000"/>
    <testcase name="Two consecutive &quot;or&quot;" classname="../docs/features/A195_Run_Or.md" time="0.116930000"/>
  </testsuite>
  <testsuite name="../docs/features/A200_Regexp.md" tests="5" failures="0" errors="0" skipped="0" time="0.349314000">
    <testcase name="version number match" classname="../docs/features/A200_Regexp.md" time="0.008551000"/>
    <testcase name="version number mismatch" classname="../docs/features/A200_Regexp.md" time="0.115141000"/>
    <testcase name="Test of &quot;output does not match&quot;" classname="../docs/features/A200_Regexp.md" time="0.003230000"/>
    <testcase name="Test of &quot;output does not match&quot; that indeed matches" classname="../docs/features/A200_Regexp.md" time="0.114327000"/>
    <testcase name="test of &quot;file match&quot;" classname="../docs/features/A200_Regexp.md" time="0.002564000"/>
  </testsuite>
  <testsuite name="" tests="4" failures="0" errors="0" skipped="0" time="0.665357000">
    <testcase name="Human match" classname="" time="0.221859000"/>
    <testcase name="exact match" classname="" time="0.111244000"/>
    <testcase name="exact match except for casing" classname="" time="0.110931000"/>
    <testcase name="exact match except for casing and blank lines" classname="" time="0.113528000"/>
  </testsuite>
  <testsuite name="" tests="2" failures="0" errors="0" skipped="0" time="0.547206000">
    <testcase name="gcc version?" classname="" time="0.038885000"/>
    <testcase name="compiling and executing an hello word" classname="" time="0.407525000"/>
  </testsuite>
  <testsuite name="../docs/features/A230_select_exclude_include.md" tests="9" failures="0" errors="0" skipped="0" time="0.922465000">
    <testcase name="no filtering" classname="../docs/features/A230_select_exclude_include.md" time="0.118133000"/>
    <testcase name="step filtering" classname="../docs/features/A230_select_exclude_include.md" time="0.112308000"/>
    <testcase name="step selection" classname="../docs/features/A230_select_exclude_include.md" time="0.116348000"/>
    <testcase name="Selecting a scenario" classname="../docs/features/A230_select_exclude_include.md" time="0.118339000"/>
    <testcase name="selection is empty" classname="../docs/features/A230_select_exclude_include.md" time="0.004445000"/>
    <testcase name="Selecting a Background only" classname="../docs/features/A230_select_exclude_include.md" time="0.109378000"/>
    <testcase name="Select followed by an exclude" classname="../docs/features/A230_select_exclude_include.md" time="0.115188000"/>
    <testcase name="scenario Excluded followed by an include of a step inside" classname="../docs/features/A230_select_exclude_include.md" time="0.114271000"/>
    <testcase name="Exclude by file name" classname="../docs/features/A230_select_exclude_include.md" time="0.004143000"/>
  </testsuite>
  <testsuite name="" tests="1" failures="0" errors="0" skipped="0" time="0.110912000">
    <testcase name="Running something in postcondition" classname="" time="0.005834000"/>
  </testsuite>
  <testsuite name="../docs/features/B010_Deleting_created_files.md" tests="2" failures="0" errors="0" skipped="0" time="0.331927000">
    <testcase name="run without --cleanup" classname="../docs/features/B010_Deleting_created_files.md" time="0.111518000"/>
    <testcase name="run with --cleanup" classname="../docs/features/B010_Deleting_created_files.md" time="0.111812000"/>
  </testsuite>
  <testsuite name="../docs/features/B020_Exec_dir.md" tests="2" failures="0" errors="0" skipped="0" time="0.373706000">
    <testcase name="Lets run &quot;create_tree.md&quot; in the current dir" classname="../docs/features/B020_Exec_dir.md" time="0.127072000"/>
    <testcase name="Lets run &quot;create_tree.md&quot; in ./dir2" classname="../docs/features/B020_Exec_dir.md" time="0.105554000"/>
  </testsuite>
  <testsuite name="../docs/features/B030_File_creation_in_Given_steps.md" tests="3" failures="0" errors="0" skipped="0" time="0.115251000">
    <testcase name="a required file does not exist" classname="../docs/features/B030_File_creation_in_Given_steps.md" time="0.005504000"/>
    <testcase name="the required file is created" classname="../docs/features/B030_File_creation_in_Given_steps.md" time="0.005097000"/>
    <testcase name="&quot;Given there is no&quot;, when there actually is, should erase the file" classname="../docs/features/B030_File_creation_in_Given_steps.md" time="0.000294000"/>
  </testsuite>
  <testsuite name="../docs/features/B040_Find_scenarios.md" tests="6" failures="0" errors="0" skipped="0" time="0.137359000">
    <testcase name="no file or dir on the command line" classname="../docs/features/B040_Find_scenarios.md" time="0.004720000"/>
    <testcase name="running all scenarios in dir1" classname="../docs/features/B040_Find_scenarios.md" time="0.004265000"/>
    <testcase name="running multiple scenarios given on command line" classname="../docs/features/B040_Find_scenarios.md" time="0.004048000"/>
    <testcase name="running scenarios in a tree thanks to `-r`" classname="../docs/features/B040_Find_scenarios.md" time="0.006762000"/>
    <testcase name="error msg when trying to run scenarios, but none found in given directories" classname="../docs/features/B040_Find_scenarios.md" time="0.004966000"/>
    <testcase name="empty list file on list_files if there is no scenario in given directories" classname="../docs/features/B040_Find_scenarios.md" time="0.003897000"/>
  </testsuite>
  <testsuite name="../docs/features/B050_Strict_gherkin.md" tests="1" failures="0" errors="0" skipped="0" time="0.356042000">
    <testcase name="Multiple When in a scenario" classname="../docs/features/B050_Strict_gherkin.md" time="0.253648000"/>
  </testsuite>
  <testsuite name="../docs/features/B060_Return_code_on_test_failure.md" tests="3" failures="0" errors="0" skipped="0" time="0.471660000">
    <testcase name="return code on test success" classname="../docs/features/B060_Return_code_on_test_failure.md" time="0.118159000"/>
    <testcase name="return code when the test fail" classname="../docs/features/B060_Return_code_on_test_failure.md" time="0.115004000"/>
    <testcase name="return code when one fail and the other succeed" classname="../docs/features/B060_Return_code_on_test_failure.md" time="0.134158000"/>
  </testsuite>
  <testsuite name="../docs/features/B080_Keep_Going.md" tests="6" failures="0" errors="0" skipped="0" time="0.465821000">
    <testcase name="scenario_with_syntax_error run without `-k`" classname="../docs/features/B080_Keep_Going.md" time="0.004089000"/>
    <testcase name="scenario_with_syntax_error run with `-k`" classname="../docs/features/B080_Keep_Going.md" time="0.114789000"/>
    <testcase name="scenario_with_assertion_error run without `-k`" classname="../docs/features/B080_Keep_Going.md" time="0.114851000"/>
    <testcase name="scenario_with_assertion_error run with `-k`" classname="../docs/features/B080_Keep_Going.md" time="0.117555000"/>
    <testcase name="explain scenario_with_syntax_error without `-k`" classname="../docs/features/B080_Keep_Going.md" time="0.004480000"/>
    <testcase name="explain scenario_with_syntax_error with `-k`" classname="../docs/features/B080_Keep_Going.md" time="0.004881000"/>
  </testsuite>
  <testsuite name="../docs/features/B090_tmp_dir.md" tests="4" failures="0" errors="0" skipped="0" time="0.559764000">
    <testcase name="Current dir, no cleanup" classname="../docs/features/B090_tmp_dir.md" time="0.109345000"/>
    <testcase name="Current dir, with cleanup" classname="../docs/features/B090_tmp_dir.md" time="0.109319000"/>
    <testcase name="Within dir1, no cleanup" classname="../docs/features/B090_tmp_dir.md" time="0.112724000"/>
    <testcase name="Within dir1, with cleanup" classname="../docs/features/B090_tmp_dir.md" time="0.112279000"/>
  </testsuite>
  <testsuite name="" tests="3" failures="0" errors="0" skipped="0" time="0.464582000">
    <testcase name="default mode run" classname="" time="0.121545000"/>
    <testcase name="verbose mode run" classname="" time="0.121308000"/>
    <testcase name="run with an error" classname="" time="0.116432000"/>
  </testsuite>
  <testsuite name="../docs/features/B110_Spawn.md" tests="2" failures="0" errors="0" skipped="0" time="0.112565000">
    <testcase name="Directory with space in the name (Unix_Only)" classname="../docs/features/B110_Spawn.md" time="0.003510000"/>
    <testcase name="Command with quoted arguments (Unix_Only)" classname="../docs/features/B110_Spawn.md" time="0.006679000"/>
  </testsuite>
  <testsuite name="" tests="5" failures="0" errors="0" skipped="0" time="0.725592000">
    <testcase name="Quiet mode run" classname="" time="0.130319000"/>
    <testcase name="Default mode run" classname="" time="0.130372000"/>
    <testcase name="Verbose mode run" classname="" time="0.128250000"/>
    <testcase name="Normal mode with an error" classname="" time="0.117289000"/>
    <testcase name="Quiet mode with an error" classname="" time="0.113321000"/>
  </testsuite>
  <testsuite name="../docs/features/B130_Cmd_Line_Help.md" tests="7" failures="0" errors="0" skipped="0" time="0.143396000">
    <testcase name="calling bbt without parameter or with -h put the normal help" classname="../docs/features/B130_Cmd_Line_Help.md" time="0.014560000"/>
    <testcase name="filtering help" classname="../docs/features/B130_Cmd_Line_Help.md" time="0.004711000"/>
    <testcase name="matching help" classname="../docs/features/B130_Cmd_Line_Help.md" time="0.004091000"/>
    <testcase name="others help" classname="../docs/features/B130_Cmd_Line_Help.md" time="0.004297000"/>
    <testcase name="On_All help" classname="../docs/features/B130_Cmd_Line_Help.md" time="0.006704000"/>
    <testcase name="tutorial generation" classname="../docs/features/B130_Cmd_Line_Help.md" time="0.000004000"/>
    <testcase name="generated example is OK" classname="../docs/features/B130_Cmd_Line_Help.md" time="0.000004000"/>
  </testsuite>
  <testsuite name="" tests="2" failures="0" errors="0" skipped="0" time="0.843385000">
    <testcase name="Successful run index file" classname="" time="0.398392000"/>
    <testcase name="Unsuccessful run index file" classname="" time="0.341567000"/>
  </testsuite>
  <testsuite name="../docs/features/B150_Deprecated_Options.md" tests="1" failures="0" errors="0" skipped="0" time="0.223721000">
    <testcase name="--output option" classname="../docs/features/B150_Deprecated_Options.md" time="0.118628000"/>
  </testsuite>
  <testsuite name="../docs/features/B160_JUnit_XML_Export.md" tests="5" failures="0" errors="0" skipped="1" time="0.581732000">
    <testcase name="1 : Basic file with only a single scenario" classname="../docs/features/B160_JUnit_XML_Export.md" time="0.123183000"/>
    <testcase name="1: both scenario are run" classname="../docs/features/B160_JUnit_XML_Export.md" time="0.117325000"/>
    <testcase name="2 : one scenario is skipped" classname="../docs/features/B160_JUnit_XML_Export.md" time="0.118542000"/>
    <testcase name="Test XML escaping with special characters" classname="../docs/features/B160_JUnit_XML_Export.md" time="0.118484000"/>
  </testsuite>
  <testsuite name="../docs/features/B170_Explain.md" tests="19" failures="0" errors="0" skipped="0" time="0.206370000">
    <testcase name="explain elements other than steps" classname="../docs/features/B170_Explain.md" time="0.006121000"/>
    <testcase name="explain action Setup_No_File" classname="../docs/features/B170_Explain.md" time="0.005128000"/>
    <testcase name="explain action Setup_No_Dir" classname="../docs/features/B170_Explain.md" time="0.004796000"/>
    <testcase name="explain action Check_File_Existence" classname="../docs/features/B170_Explain.md" time="0.004780000"/>
    <testcase name="explain action Check_Dir_Existence" classname="../docs/features/B170_Explain.md" time="0.004780000"/>
    <testcase name="explain action Erase_And_Create" classname="../docs/features/B170_Explain.md" time="0.005064000"/>
    <testcase name="explain action Create_If_None" classname="../docs/features/B170_Explain.md" time="0.006932000"/>
    <testcase name="explain action Run" classname="../docs/features/B170_Explain.md" time="0.005464000"/>
    <testcase name="explain action Run_Without_Error" classname="../docs/features/B170_Explain.md" time="0.005139000"/>
    <testcase name="explain action Check_No_File" classname="../docs/features/B170_Explain.md" time="0.004801000"/>
    <testcase name="explain action Check_No_Dir" classname="../docs/features/B170_Explain.md" time="0.006020000"/>
    <testcase name="explain action Error_Return_Code and No_Error_Return_Code" classname="../docs/features/B170_Explain.md" time="0.005594000"/>
    <testcase name="explain action Output_Is" classname="../docs/features/B170_Explain.md" time="0.005168000"/>
    <testcase name="explain action Output_Contains and Output_Does_Not_Contain" classname="../docs/features/B170_Explain.md" time="0.004825000"/>
    <testcase name="explain action Output|File_Matches and Output|File_Does_Not_Match" classname="../docs/features/B170_Explain.md" time="0.004575000"/>
    <testcase name="explain action File_Is and File_Is_Not" classname="../docs/features/B170_Explain.md" time="0.004982000"/>
    <testcase name="explain action File_Contains and File_Does_Not_Contain" classname="../docs/features/B170_Explain.md" time="0.004853000"/>
    <testcase name="explain action No_Output" classname="../docs/features/B170_Explain.md" time="0.004697000"/>
    <testcase name="explain Invalid Step" classname="../docs/features/B170_Explain.md" time="0.008889000"/>
  </testsuite>
  <testsuite name="../docs/features/B180_Ignored_Files.md" tests="1" failures="1" errors="0" skipped="0" time="0.111898000">
    <testcase name="Checking that the index file is ignored" classname="../docs/features/B180_Ignored_Files.md" time="0.010009000">
      <failure message="Test failed">
        Failed steps:  2      </failure>
    </testcase>
  </testsuite>
  <testsuite name="" tests="3" failures="0" errors="0" skipped="0" time="0.432451000">
    <testcase name="No step test A" classname="" time="0.115539000"/>
    <testcase name="No step test B" classname="" time="0.107044000"/>
    <testcase name="No scenario in Feature" classname="" time="0.107361000"/>
  </testsuite>
  <testsuite name="../docs/features/C030_Markdown_syntax.md" tests="3" failures="0" errors="0" skipped="0" time="1.266942000">
    <testcase name="Heading variations" classname="../docs/features/C030_Markdown_syntax.md" time="0.982538000"/>
    <testcase name="Missing heading marker" classname="../docs/features/C030_Markdown_syntax.md" time="0.108918000"/>
    <testcase name="Steps using [Emphasis and strong emphasis](https://spec.commonmark.org/0.31.2/#emphasis-and-strong-emphasis)" classname="../docs/features/C030_Markdown_syntax.md" time="0.075057000"/>
  </testsuite>
  <testsuite name="" tests="1" failures="0" errors="0" skipped="0" time="0.226287000">
    <testcase name="Missing tittle in scenario, background and feature" classname="" time="0.121228000"/>
  </testsuite>
  <testsuite name="../docs/features/C050_Step_marker.md" tests="1" failures="0" errors="0" skipped="0" time="0.221372000">
    <testcase name="Different markers within the scenario" classname="../docs/features/C050_Step_marker.md" time="0.117639000"/>
  </testsuite>
  <testsuite name="" tests="1" failures="0" errors="0" skipped="0" time="0.220179000">
    <testcase name="Code fenced blocks" classname="" time="0.115694000"/>
  </testsuite>
  <testsuite name="../docs/features/C070_missing_code_block.md" tests="4" failures="0" errors="0" skipped="0" time="0.359421000">
    <testcase name="Code block missing at the end of the file" classname="../docs/features/C070_missing_code_block.md" time="0.117696000"/>
    <testcase name="Code block missing while reaching next step" classname="../docs/features/C070_missing_code_block.md" time="0.117320000"/>
    <testcase name="Code block missing while reaching next scenario" classname="../docs/features/C070_missing_code_block.md" time="0.010443000"/>
    <testcase name="Closing code block mark missing" classname="../docs/features/C070_missing_code_block.md" time="0.009800000"/>
  </testsuite>
  <testsuite name="../docs/features/C080_missing_scenario.md" tests="2" failures="0" errors="0" skipped="0" time="0.326967000">
    <testcase name="Steps without scenario header" classname="../docs/features/C080_missing_scenario.md" time="0.113522000"/>
    <testcase name="Empty file" classname="../docs/features/C080_missing_scenario.md" time="0.112082000"/>
  </testsuite>
  <testsuite name="../docs/features/C090_GNU_Error_Msg_Format.md" tests="1" failures="0" errors="0" skipped="0" time="0.219121000">
    <testcase name="" classname="../docs/features/C090_GNU_Error_Msg_Format.md" time="0.117020000"/>
  </testsuite>
  <testsuite name="" tests="1" failures="0" errors="0" skipped="0" time="0.262753000">
    <testcase name="Detection of ambiguous use of multiple recognized verbs in the same Step" classname="" time="0.162605000"/>
  </testsuite>
  <testsuite name="../docs/features/C120_Ill_Formated_Steps.md" tests="1" failures="0" errors="0" skipped="0" time="0.217557000">
    <testcase name="" classname="../docs/features/C120_Ill_Formated_Steps.md" time="0.114155000"/>
  </testsuite>
</testsuites>
