<?xml version="1.0" encoding="UTF-8"?>
<testsuites name="features_results" tests="138" failures="0" errors="0" skipped="0" time="0.106959000">
  <testsuite name="../docs/features/A005_Given.md" tests="4" failures="0" errors="0" skipped="0" time="0.106959000">
    <testcase name="Checking that there is no file or dir" classname="../docs/features/A005_Given.md" time="0.000345000"/>
    <testcase name="Checking that there is some dir" classname="../docs/features/A005_Given.md" time="0.000261000"/>
    <testcase name="Checking that there is a file with some content" classname="../docs/features/A005_Given.md" time="0.003314000"/>
    <testcase name="Creating a file with some content" classname="../docs/features/A005_Given.md" time="0.000772000"/>
  </testsuite>
  <testsuite name="../docs/features/A006_Given_Executable_File.md" tests="2" failures="0" errors="0" skipped="0" time="0.528177000">
    <testcase name="trying to run a script without the executable keyword should fail" classname="../docs/features/A006_Given_Executable_File.md" time="0.114590000"/>
    <testcase name="trying to run the same script created with the executable attribute should succeed" classname="../docs/features/A006_Given_Executable_File.md" time="0.312822000"/>
  </testsuite>
  <testsuite name="../docs/features/A010_Then_Contains_Code_Span.md" tests="3" failures="0" errors="0" skipped="0" time="0.108180000">
    <testcase name="test on a string output" classname="../docs/features/A010_Then_Contains_Code_Span.md" time="0.003475000"/>
    <testcase name="test on a multiline output" classname="../docs/features/A010_Then_Contains_Code_Span.md" time="0.003755000"/>
    <testcase name="test on a file" classname="../docs/features/A010_Then_Contains_Code_Span.md" time="0.000681000"/>
  </testsuite>
  <testsuite name="../docs/features/A020_Then_Contains_Code_Block.md" tests="2" failures="0" errors="0" skipped="0" time="0.212405000">
    <testcase name="test the standard output" classname="../docs/features/A020_Then_Contains_Code_Block.md" time="0.002543000"/>
    <testcase name="compare with an existing file" classname="../docs/features/A020_Then_Contains_Code_Block.md" time="0.109019000"/>
  </testsuite>
  <testsuite name="../docs/features/A030_Then_Does_Not_Contain.md" tests="3" failures="0" errors="0" skipped="0" time="0.335008000">
    <testcase name="Successful checks" classname="../docs/features/A030_Then_Does_Not_Contain.md" time="0.004117000"/>
    <testcase name="Failed &quot;output doesn&apos;t contain&quot;" classname="../docs/features/A030_Then_Does_Not_Contain.md" time="0.113279000"/>
    <testcase name="Failed &quot;file doesn&apos;t contain&quot;" classname="../docs/features/A030_Then_Does_Not_Contain.md" time="0.115821000"/>
  </testsuite>
  <testsuite name="../docs/features/A040_Example_Keyword.md" tests="2" failures="0" errors="0" skipped="0" time="0.107949000">
    <testcase name="NOK return code" classname="../docs/features/A040_Example_Keyword.md" time="0.004352000"/>
    <testcase name="NOK return code" classname="../docs/features/A040_Example_Keyword.md" time="0.003339000"/>
  </testsuite>
  <testsuite name="../docs/features/A050_Then_File_Is_Code_Block.md" tests="2" failures="0" errors="0" skipped="0" time="0.209713000">
    <testcase name="file is as expected" classname="../docs/features/A050_Then_File_Is_Code_Block.md" time="0.000560000"/>
    <testcase name="file is not as expected" classname="../docs/features/A050_Then_File_Is_Code_Block.md" time="0.108929000"/>
  </testsuite>
  <testsuite name="../docs/features/A060_Then_File_Equal_Code_Span.md" tests="2" failures="0" errors="0" skipped="0" time="0.231921000">
    <testcase name="test on a single line file" classname="../docs/features/A060_Then_File_Equal_Code_Span.md" time="0.006801000"/>
    <testcase name="adding a second line to the file, so the same test should fail" classname="../docs/features/A060_Then_File_Equal_Code_Span.md" time="0.124689000"/>
  </testsuite>
  <testsuite name="../docs/features/A065_Then_File_Equal_File.md" tests="3" failures="0" errors="0" skipped="0" time="0.221440000">
    <testcase name="test `is equal to file` form" classname="../docs/features/A065_Then_File_Equal_File.md" time="0.000882000"/>
    <testcase name="test `is equal to file` when files are *not* equal" classname="../docs/features/A065_Then_File_Equal_File.md" time="0.115679000"/>
    <testcase name="test the negative form `is not equal to file`" classname="../docs/features/A065_Then_File_Equal_File.md" time="0.000841000"/>
  </testsuite>
  <testsuite name="../docs/features/A070_Then_Get_Code_Span.md" tests="2" failures="0" errors="0" skipped="0" time="0.112971000">
    <testcase name="asking for sut help" classname="../docs/features/A070_Then_Get_Code_Span.md" time="0.004508000"/>
    <testcase name="causing an sut error with a long explanation" classname="../docs/features/A070_Then_Get_Code_Span.md" time="0.003572000"/>
  </testsuite>
  <testsuite name="../docs/features/A080_Then_Output_Equal_To_File.md" tests="1" failures="0" errors="0" skipped="0" time="0.104562000">
    <testcase name="test `output is equal` keyword" classname="../docs/features/A080_Then_Output_Equal_To_File.md" time="0.003845000"/>
  </testsuite>
  <testsuite name="../docs/features/A090_Then_Get_Error.md" tests="2" failures="0" errors="0" skipped="0" time="0.111490000">
    <testcase name="NOK return code" classname="../docs/features/A090_Then_Get_Error.md" time="0.003367000"/>
    <testcase name="OK return code" classname="../docs/features/A090_Then_Get_Error.md" time="0.002973000"/>
  </testsuite>
  <testsuite name="../docs/features/A100_Then_Get_Stderr.md" tests="1" failures="0" errors="0" skipped="0" time="0.105830000">
    <testcase name="unknown option" classname="../docs/features/A100_Then_Get_Stderr.md" time="0.003433000"/>
  </testsuite>
  <testsuite name="../docs/features/A110_Then_No_Output.md" tests="2" failures="0" errors="0" skipped="0" time="0.220309000">
    <testcase name="silent operation" classname="../docs/features/A110_Then_No_Output.md" time="0.003432000"/>
    <testcase name="silent operation expected, but there is an output" classname="../docs/features/A110_Then_No_Output.md" time="0.116528000"/>
  </testsuite>
  <testsuite name="../docs/features/A120_Then_Get_String.md" tests="1" failures="0" errors="0" skipped="0" time="0.108185000">
    <testcase name="asking for sut version" classname="../docs/features/A120_Then_Get_String.md" time="0.003364000"/>
  </testsuite>
  <testsuite name="../docs/features/A130_Successfully_Keyword.md" tests="3" failures="0" errors="0" skipped="0" time="0.215413000">
    <testcase name="*when I successfully run* a command with successful run" classname="../docs/features/A130_Successfully_Keyword.md" time="0.003225000"/>
    <testcase name="*when I successfully run* a command with a wrong command line, returns an error status" classname="../docs/features/A130_Successfully_Keyword.md" time="0.107606000"/>
    <testcase name="*when I run* a command with a wrong command line" classname="../docs/features/A130_Successfully_Keyword.md" time="0.003319000"/>
  </testsuite>
  <testsuite name="../docs/features/A140_Unordered_Keyword.md" tests="4" failures="0" errors="0" skipped="0" time="0.340561000">
    <testcase name="&quot;I get&quot; without the modifier" classname="../docs/features/A140_Unordered_Keyword.md" time="0.115698000"/>
    <testcase name="same &quot;I get&quot; with the modifier" classname="../docs/features/A140_Unordered_Keyword.md" time="0.003986000"/>
    <testcase name="&quot;contains&quot; without the modifier" classname="../docs/features/A140_Unordered_Keyword.md" time="0.112538000"/>
    <testcase name="same &quot;contains&quot; but with the &quot;unordered&quot; modifier" classname="../docs/features/A140_Unordered_Keyword.md" time="0.003684000"/>
  </testsuite>
  <testsuite name="../docs/features/A150_Background_Keyword.md" tests="4" failures="0" errors="0" skipped="0" time="0.107988000">
    <testcase name="lets erase what was created by previous background runs" classname="../docs/features/A150_Background_Keyword.md" time="0.000325000"/>
    <testcase name="Two Background executed" classname="../docs/features/A150_Background_Keyword.md" time="0.000150000"/>
    <testcase name="lets erase once more what was created by previous background runs" classname="../docs/features/A150_Background_Keyword.md" time="0.000294000"/>
    <testcase name="only first background should apply" classname="../docs/features/A150_Background_Keyword.md" time="0.000147000"/>
  </testsuite>
  <testsuite name="../docs/features/A160_Ignoring_Blank_Lines.md" tests="4" failures="0" errors="0" skipped="0" time="0.779268000">
    <testcase name="some obvious tests" classname="../docs/features/A160_Ignoring_Blank_Lines.md" time="0.000547000"/>
    <testcase name="default behavior, non sensible to blank lines" classname="../docs/features/A160_Ignoring_Blank_Lines.md" time="0.227311000"/>
    <testcase name="with --exact_match, sensible to blank lines" classname="../docs/features/A160_Ignoring_Blank_Lines.md" time="0.226419000"/>
    <testcase name="with --exact_match and --ignore_blank_lines, non sensible to blank lines" classname="../docs/features/A160_Ignoring_Blank_Lines.md" time="0.219138000"/>
  </testsuite>
  <testsuite name="../docs/features/A170_File_vs_File_Name.md" tests="3" failures="0" errors="0" skipped="0" time="0.113018000">
    <testcase name="&quot;Then I get file&quot; form" classname="../docs/features/A170_File_vs_File_Name.md" time="0.003899000"/>
    <testcase name="&quot;Then output is | contains | does not contain file&quot; form" classname="../docs/features/A170_File_vs_File_Name.md" time="0.003973000"/>
    <testcase name="&quot;Then file is | contains | does not contain file&quot; form" classname="../docs/features/A170_File_vs_File_Name.md" time="0.000465000"/>
  </testsuite>
  <testsuite name="../docs/features/A190_Run.md" tests="4" failures="0" errors="0" skipped="0" time="0.332752000">
    <testcase name="the command relative path is given" classname="../docs/features/A190_Run.md" time="0.003633000"/>
    <testcase name="the command is in the PATH" classname="../docs/features/A190_Run.md" time="0.013002000"/>
    <testcase name="command not found" classname="../docs/features/A190_Run.md" time="0.105681000"/>
    <testcase name="the command is not executable (Unix_Only)" classname="../docs/features/A190_Run.md" time="0.109922000"/>
  </testsuite>
  <testsuite name="../docs/features/A200_Regexp.md" tests="5" failures="0" errors="0" skipped="0" time="0.336585000">
    <testcase name="version number match" classname="../docs/features/A200_Regexp.md" time="0.004912000"/>
    <testcase name="version number mismatch" classname="../docs/features/A200_Regexp.md" time="0.113450000"/>
    <testcase name="Test of &quot;output does not match&quot;" classname="../docs/features/A200_Regexp.md" time="0.003345000"/>
    <testcase name="Test of &quot;output does not match&quot; that indeed matches" classname="../docs/features/A200_Regexp.md" time="0.112063000"/>
    <testcase name="test of &quot;file match&quot;" classname="../docs/features/A200_Regexp.md" time="0.000889000"/>
  </testsuite>
  <testsuite name="" tests="4" failures="0" errors="0" skipped="0" time="0.684449000">
    <testcase name="Human match" classname="" time="0.231032000"/>
    <testcase name="exact match" classname="" time="0.109836000"/>
    <testcase name="exact match except for casing" classname="" time="0.115059000"/>
    <testcase name="exact match except for casing and blank lines" classname="" time="0.117540000"/>
  </testsuite>
  <testsuite name="" tests="2" failures="0" errors="0" skipped="0" time="0.916760000">
    <testcase name="gcc version?" classname="" time="0.054700000"/>
    <testcase name="compiling and executing an hello word" classname="" time="0.761231000"/>
  </testsuite>
  <testsuite name="../docs/features/A230_select_exclude_include.md" tests="9" failures="0" errors="0" skipped="0" time="0.987467000">
    <testcase name="no filtering" classname="../docs/features/A230_select_exclude_include.md" time="0.133753000"/>
    <testcase name="step filtering" classname="../docs/features/A230_select_exclude_include.md" time="0.125229000"/>
    <testcase name="step selection" classname="../docs/features/A230_select_exclude_include.md" time="0.116089000"/>
    <testcase name="Selecting a scenario" classname="../docs/features/A230_select_exclude_include.md" time="0.130095000"/>
    <testcase name="selection is empty" classname="../docs/features/A230_select_exclude_include.md" time="0.009345000"/>
    <testcase name="Selecting a Background only" classname="../docs/features/A230_select_exclude_include.md" time="0.109627000"/>
    <testcase name="Select followed by an exclude" classname="../docs/features/A230_select_exclude_include.md" time="0.125447000"/>
    <testcase name="scenario Excluded followed by an include of a step inside" classname="../docs/features/A230_select_exclude_include.md" time="0.123042000"/>
    <testcase name="Exclude by file name" classname="../docs/features/A230_select_exclude_include.md" time="0.009059000"/>
  </testsuite>
  <testsuite name="../docs/features/B010_Deleting_created_files.md" tests="2" failures="0" errors="0" skipped="0" time="0.336119000">
    <testcase name="run without --cleanup" classname="../docs/features/B010_Deleting_created_files.md" time="0.114088000"/>
    <testcase name="run with --cleanup" classname="../docs/features/B010_Deleting_created_files.md" time="0.116400000"/>
  </testsuite>
  <testsuite name="../docs/features/B020_Exec_dir.md" tests="2" failures="0" errors="0" skipped="0" time="0.325689000">
    <testcase name="Lets run `create_tree` in the current dir" classname="../docs/features/B020_Exec_dir.md" time="0.110303000"/>
    <testcase name="Lets run `create_tree` in ./dir2" classname="../docs/features/B020_Exec_dir.md" time="0.110794000"/>
  </testsuite>
  <testsuite name="../docs/features/B030_File_creation_in_Given_steps.md" tests="3" failures="0" errors="0" skipped="0" time="0.113748000">
    <testcase name="a required file does not exist" classname="../docs/features/B030_File_creation_in_Given_steps.md" time="0.010089000"/>
    <testcase name="the required file is created" classname="../docs/features/B030_File_creation_in_Given_steps.md" time="0.000735000"/>
    <testcase name="&quot;Given there is no&quot;, when there actually is, should erase the file" classname="../docs/features/B030_File_creation_in_Given_steps.md" time="0.000381000"/>
  </testsuite>
  <testsuite name="../docs/features/B040_Find_scenarios.md" tests="6" failures="0" errors="0" skipped="0" time="0.168824000">
    <testcase name="no file or dir on the command line" classname="../docs/features/B040_Find_scenarios.md" time="0.008332000"/>
    <testcase name="running all scenarios in dir1" classname="../docs/features/B040_Find_scenarios.md" time="0.009099000"/>
    <testcase name="running multiple scenarios given on command line" classname="../docs/features/B040_Find_scenarios.md" time="0.008452000"/>
    <testcase name="running scenarios in a tree thanks to `-r`" classname="../docs/features/B040_Find_scenarios.md" time="0.011670000"/>
    <testcase name="error msg when trying to run scenarios, but none found in given directories" classname="../docs/features/B040_Find_scenarios.md" time="0.009309000"/>
    <testcase name="empty list file on list_files if there is no scenario in given directories" classname="../docs/features/B040_Find_scenarios.md" time="0.008367000"/>
  </testsuite>
  <testsuite name="../docs/features/B050_Strict_gherkin.md" tests="1" failures="0" errors="0" skipped="0" time="0.366429000">
    <testcase name="Multiple When in a scenario" classname="../docs/features/B050_Strict_gherkin.md" time="0.266240000"/>
  </testsuite>
  <testsuite name="../docs/features/B060_Return_code_on_test_failure.md" tests="3" failures="0" errors="0" skipped="0" time="0.472637000">
    <testcase name="return code on test success" classname="../docs/features/B060_Return_code_on_test_failure.md" time="0.122192000"/>
    <testcase name="return code when the test fail" classname="../docs/features/B060_Return_code_on_test_failure.md" time="0.124134000"/>
    <testcase name="return code when one fail and the other succeed" classname="../docs/features/B060_Return_code_on_test_failure.md" time="0.125403000"/>
  </testsuite>
  <testsuite name="" tests="1" failures="0" errors="0" skipped="0" time="0.102312000">
    <testcase name="" classname="" time="0.000737000"/>
  </testsuite>
  <testsuite name="../docs/features/B080_Keep_Going.md" tests="2" failures="0" errors="0" skipped="0" time="0.348448000">
    <testcase name="with `-k`" classname="../docs/features/B080_Keep_Going.md" time="0.125193000"/>
    <testcase name="without `-k`" classname="../docs/features/B080_Keep_Going.md" time="0.121594000"/>
  </testsuite>
  <testsuite name="../docs/features/B090_tmp_dir.md" tests="4" failures="0" errors="0" skipped="0" time="0.609181000">
    <testcase name="Current dir, no cleanup" classname="../docs/features/B090_tmp_dir.md" time="0.115709000"/>
    <testcase name="Current dir, with cleanup" classname="../docs/features/B090_tmp_dir.md" time="0.142279000"/>
    <testcase name="Within dir1, no cleanup" classname="../docs/features/B090_tmp_dir.md" time="0.125629000"/>
    <testcase name="Within dir1, with cleanup" classname="../docs/features/B090_tmp_dir.md" time="0.118679000"/>
  </testsuite>
  <testsuite name="" tests="3" failures="0" errors="0" skipped="0" time="0.478203000">
    <testcase name="default mode run" classname="" time="0.121950000"/>
    <testcase name="verbose mode run" classname="" time="0.126608000"/>
    <testcase name="run with an error" classname="" time="0.121702000"/>
  </testsuite>
  <testsuite name="../docs/features/B110_Spawn.md" tests="2" failures="0" errors="0" skipped="0" time="0.260132000">
    <testcase name="Directory with space in the name (Unix_Only)" classname="../docs/features/B110_Spawn.md" time="0.007929000"/>
    <testcase name="Command with quoted arguments (Unix_Only)" classname="../docs/features/B110_Spawn.md" time="0.151044000"/>
  </testsuite>
  <testsuite name="" tests="5" failures="0" errors="0" skipped="0" time="0.802121000">
    <testcase name="Quiet mode run" classname="" time="0.161463000"/>
    <testcase name="Default mode run" classname="" time="0.146995000"/>
    <testcase name="Verbose mode run" classname="" time="0.145302000"/>
    <testcase name="Normal mode with an error" classname="" time="0.120150000"/>
    <testcase name="Quiet mode with an error" classname="" time="0.120756000"/>
  </testsuite>
  <testsuite name="../docs/features/B130_Cmd_Line_Help.md" tests="5" failures="0" errors="0" skipped="0" time="0.181673000">
    <testcase name="calling bbt without parameter or with -h put the normal help" classname="../docs/features/B130_Cmd_Line_Help.md" time="0.031332000"/>
    <testcase name="filtering help" classname="../docs/features/B130_Cmd_Line_Help.md" time="0.008396000"/>
    <testcase name="matching help" classname="../docs/features/B130_Cmd_Line_Help.md" time="0.008129000"/>
    <testcase name="others help" classname="../docs/features/B130_Cmd_Line_Help.md" time="0.008504000"/>
    <testcase name="On_All help" classname="../docs/features/B130_Cmd_Line_Help.md" time="0.011821000"/>
  </testsuite>
  <testsuite name="" tests="3" failures="0" errors="0" skipped="0" time="0.939946000">
    <testcase name="Quiet mode run" classname="" time="0.270335000"/>
    <testcase name="Default mode run" classname="" time="0.291431000"/>
    <testcase name="Verbose mode run" classname="" time="0.270203000"/>
  </testsuite>
  <testsuite name="../docs/features/B150_Deprecated_Options.md" tests="1" failures="0" errors="0" skipped="0" time="0.221044000">
    <testcase name="--output option" classname="../docs/features/B150_Deprecated_Options.md" time="0.116822000"/>
  </testsuite>
  <testsuite name="../docs/features/B160_JUnit_XML_Export.md" tests="5" failures="0" errors="0" skipped="0" time="2.279895000">
    <testcase name="1 : Basic file with only a single scenario" classname="../docs/features/B160_JUnit_XML_Export.md" time="0.126076000"/>
    <testcase name="1: both scenario are run" classname="../docs/features/B160_JUnit_XML_Export.md" time="0.133257000"/>
    <testcase name="2 : one scenario is skipped" classname="../docs/features/B160_JUnit_XML_Export.md" time="0.122790000"/>
    <testcase name="Test XML escaping with special characters" classname="../docs/features/B160_JUnit_XML_Export.md" time="0.135553000"/>
    <testcase name="" classname="../docs/features/B160_JUnit_XML_Export.md" time="1.655317000"/>
  </testsuite>
  <testsuite name="" tests="2" failures="0" errors="0" skipped="0" time="0.317862000">
    <testcase name="No step test" classname="" time="0.107479000"/>
    <testcase name="No scenario in Feature" classname="" time="0.107613000"/>
  </testsuite>
  <testsuite name="../docs/features/C030_Markdown_syntax.md" tests="2" failures="0" errors="0" skipped="0" time="1.173503000">
    <testcase name="Heading variations" classname="../docs/features/C030_Markdown_syntax.md" time="0.965658000"/>
    <testcase name="Missing heading marker" classname="../docs/features/C030_Markdown_syntax.md" time="0.107669000"/>
  </testsuite>
  <testsuite name="" tests="1" failures="0" errors="0" skipped="0" time="0.222346000">
    <testcase name="Missing tittle in scenario, background and feature" classname="" time="0.120907000"/>
  </testsuite>
  <testsuite name="../docs/features/C050_Step_marker.md" tests="1" failures="0" errors="0" skipped="0" time="0.213281000">
    <testcase name="" classname="../docs/features/C050_Step_marker.md" time="0.109056000"/>
  </testsuite>
  <testsuite name="" tests="1" failures="0" errors="0" skipped="0" time="0.216534000">
    <testcase name="Code fenced blocks" classname="" time="0.115693000"/>
  </testsuite>
  <testsuite name="../docs/features/C070_missing_code_block.md" tests="4" failures="0" errors="0" skipped="0" time="0.126501000">
    <testcase name="Code block missing at the end of the file" classname="../docs/features/C070_missing_code_block.md" time="0.005248000"/>
    <testcase name="Code block missing while reaching next step" classname="../docs/features/C070_missing_code_block.md" time="0.004618000"/>
    <testcase name="Code block missing while reaching next scenario" classname="../docs/features/C070_missing_code_block.md" time="0.004698000"/>
    <testcase name="Closing code block mark missing" classname="../docs/features/C070_missing_code_block.md" time="0.009429000"/>
  </testsuite>
  <testsuite name="../docs/features/C080_missing_scenario.md" tests="2" failures="0" errors="0" skipped="0" time="0.372425000">
    <testcase name="Steps without scenario header" classname="../docs/features/C080_missing_scenario.md" time="0.105944000"/>
    <testcase name="Empty file" classname="../docs/features/C080_missing_scenario.md" time="0.161736000"/>
  </testsuite>
  <testsuite name="../docs/features/C090_GNU_Error_Msg_Format.md" tests="1" failures="0" errors="0" skipped="0" time="0.227597000">
    <testcase name="" classname="../docs/features/C090_GNU_Error_Msg_Format.md" time="0.124678000"/>
  </testsuite>
  <testsuite name="" tests="1" failures="0" errors="0" skipped="0" time="0.235457000">
    <testcase name="Detection of ambiguous use of multiple recognized verbs in the same Step" classname="" time="0.130351000"/>
  </testsuite>
  <testsuite name="../docs/features/C120_Ill_Formated_Steps.md" tests="1" failures="0" errors="0" skipped="0" time="0.226852000">
    <testcase name="" classname="../docs/features/C120_Ill_Formated_Steps.md" time="0.124204000"/>
  </testsuite>
</testsuites>
