<?xml version="1.0" encoding="UTF-8"?>
<testsuites name="features_results" tests="171" failures="10" errors="0" skipped="6" time="0.111821600">
  <testsuite name="../docs/features\A005_Given.md" tests="4" failures="0" errors="0" skipped="0" time="0.111821600">
    <testcase name="Checking that there is no file or dir" classname="../docs/features\A005_Given.md" time="0.000702500"/>
    <testcase name="Checking that there is some dir" classname="../docs/features\A005_Given.md" time="0.001197200"/>
    <testcase name="Checking that there is a file with some content" classname="../docs/features\A005_Given.md" time="0.003087900"/>
    <testcase name="Creating a file with some content" classname="../docs/features\A005_Given.md" time="0.004453000"/>
  </testsuite>
  <testsuite name="../docs/features\A006_Given_Executable_File.md" tests="2" failures="0" errors="0" skipped="2" time="0.101923200">
  </testsuite>
  <testsuite name="../docs/features\A010_Then_Contains_Code_Span.md" tests="3" failures="0" errors="0" skipped="0" time="0.326797700">
    <testcase name="test on a string output" classname="../docs/features\A010_Then_Contains_Code_Span.md" time="0.193479500"/>
    <testcase name="test on a multiline output" classname="../docs/features\A010_Then_Contains_Code_Span.md" time="0.017398100"/>
    <testcase name="test on a file" classname="../docs/features\A010_Then_Contains_Code_Span.md" time="0.002325400"/>
  </testsuite>
  <testsuite name="../docs/features\A020_Then_Contains_Code_Block.md" tests="2" failures="0" errors="0" skipped="0" time="0.263409900">
    <testcase name="test the standard output" classname="../docs/features\A020_Then_Contains_Code_Block.md" time="0.011527000"/>
    <testcase name="compare with an existing file" classname="../docs/features\A020_Then_Contains_Code_Block.md" time="0.145443800"/>
  </testsuite>
  <testsuite name="../docs/features\A030_Then_Does_Not_Contain.md" tests="3" failures="0" errors="0" skipped="0" time="0.466777200">
    <testcase name="Successful checks" classname="../docs/features\A030_Then_Does_Not_Contain.md" time="0.017428000"/>
    <testcase name="Failed &quot;output doesn&apos;t contain&quot;" classname="../docs/features\A030_Then_Does_Not_Contain.md" time="0.181072901"/>
    <testcase name="Failed &quot;file doesn&apos;t contain&quot;" classname="../docs/features\A030_Then_Does_Not_Contain.md" time="0.159719400"/>
  </testsuite>
  <testsuite name="../docs/features\A040_Example_Keyword.md" tests="2" failures="0" errors="0" skipped="0" time="0.149887100">
    <testcase name="NOK return code" classname="../docs/features\A040_Example_Keyword.md" time="0.019281000"/>
    <testcase name="NOK return code" classname="../docs/features\A040_Example_Keyword.md" time="0.022930900"/>
  </testsuite>
  <testsuite name="../docs/features\A050_Then_File_Is_Code_Block.md" tests="2" failures="0" errors="0" skipped="0" time="0.269418500">
    <testcase name="file is as expected" classname="../docs/features\A050_Then_File_Is_Code_Block.md" time="0.021834800"/>
    <testcase name="file is not as expected" classname="../docs/features\A050_Then_File_Is_Code_Block.md" time="0.144401200"/>
  </testsuite>
  <testsuite name="../docs/features\A060_Then_File_Equal_Code_Span.md" tests="2" failures="0" errors="0" skipped="0" time="0.338772400">
    <testcase name="test on a single line file" classname="../docs/features\A060_Then_File_Equal_Code_Span.md" time="0.039658600"/>
    <testcase name="adding a second line to the file, so the same test should fail" classname="../docs/features\A060_Then_File_Equal_Code_Span.md" time="0.182041500"/>
  </testsuite>
  <testsuite name="../docs/features\A065_Then_File_Equal_File.md" tests="3" failures="0" errors="0" skipped="0" time="0.278191000">
    <testcase name="test `is equal to file` form" classname="../docs/features\A065_Then_File_Equal_File.md" time="0.003796300"/>
    <testcase name="test `is equal to file` when files are *not* equal" classname="../docs/features\A065_Then_File_Equal_File.md" time="0.143098600"/>
    <testcase name="test the negative form `is not equal to file`" classname="../docs/features\A065_Then_File_Equal_File.md" time="0.022069900"/>
  </testsuite>
  <testsuite name="../docs/features\A070_Then_Get_Code_Span.md" tests="2" failures="0" errors="0" skipped="0" time="0.139906300">
    <testcase name="asking for sut help" classname="../docs/features\A070_Then_Get_Code_Span.md" time="0.020600700"/>
    <testcase name="causing an sut error with a long explanation" classname="../docs/features\A070_Then_Get_Code_Span.md" time="0.016560600"/>
  </testsuite>
  <testsuite name="../docs/features\A080_Then_Output_Equal_To_File.md" tests="1" failures="0" errors="0" skipped="0" time="0.130337300">
    <testcase name="test `output is equal` keyword" classname="../docs/features\A080_Then_Output_Equal_To_File.md" time="0.022736400"/>
  </testsuite>
  <testsuite name="../docs/features\A090_Then_Get_Error.md" tests="2" failures="0" errors="0" skipped="0" time="0.143732500">
    <testcase name="NOK return code" classname="../docs/features\A090_Then_Get_Error.md" time="0.020283200"/>
    <testcase name="OK return code" classname="../docs/features\A090_Then_Get_Error.md" time="0.016511100"/>
  </testsuite>
  <testsuite name="../docs/features\A100_Then_Get_Stderr.md" tests="1" failures="0" errors="0" skipped="0" time="0.133056900">
    <testcase name="unknown option" classname="../docs/features\A100_Then_Get_Stderr.md" time="0.021231300"/>
  </testsuite>
  <testsuite name="../docs/features\A110_Then_No_Output.md" tests="2" failures="0" errors="0" skipped="0" time="0.271375700">
    <testcase name="silent operation" classname="../docs/features\A110_Then_No_Output.md" time="0.018039900"/>
    <testcase name="silent operation expected, but there is an output" classname="../docs/features\A110_Then_No_Output.md" time="0.141560900"/>
  </testsuite>
  <testsuite name="../docs/features\A120_Then_Get_String.md" tests="1" failures="0" errors="0" skipped="0" time="0.127841300">
    <testcase name="asking for sut version" classname="../docs/features\A120_Then_Get_String.md" time="0.020296200"/>
  </testsuite>
  <testsuite name="../docs/features\A130_Successfully_Keyword.md" tests="3" failures="0" errors="0" skipped="0" time="0.302916400">
    <testcase name="*when I successfully run* a command with successful run" classname="../docs/features\A130_Successfully_Keyword.md" time="0.019436600"/>
    <testcase name="*when I successfully run* a command with a wrong command line, returns an error status" classname="../docs/features\A130_Successfully_Keyword.md" time="0.144835400"/>
    <testcase name="*when I run* a command with a wrong command line" classname="../docs/features\A130_Successfully_Keyword.md" time="0.028765200"/>
  </testsuite>
  <testsuite name="../docs/features\A140_Unordered_Keyword.md" tests="4" failures="0" errors="0" skipped="0" time="0.539959200">
    <testcase name="&quot;I get&quot; without the modifier" classname="../docs/features\A140_Unordered_Keyword.md" time="0.218162300"/>
    <testcase name="same &quot;I get&quot; with the modifier" classname="../docs/features\A140_Unordered_Keyword.md" time="0.040326099"/>
    <testcase name="&quot;contains&quot; without the modifier" classname="../docs/features\A140_Unordered_Keyword.md" time="0.148162101"/>
    <testcase name="same &quot;contains&quot; but with the &quot;unordered&quot; modifier" classname="../docs/features\A140_Unordered_Keyword.md" time="0.016220199"/>
  </testsuite>
  <testsuite name="../docs/features\A150_Background_Keyword.md" tests="4" failures="0" errors="0" skipped="0" time="0.116896300">
    <testcase name="lets erase what was created by previous background runs" classname="../docs/features\A150_Background_Keyword.md" time="0.002169800"/>
    <testcase name="Two Background executed" classname="../docs/features\A150_Background_Keyword.md" time="0.000481800"/>
    <testcase name="lets erase once more what was created by previous background runs" classname="../docs/features\A150_Background_Keyword.md" time="0.001817200"/>
    <testcase name="only first background should apply" classname="../docs/features\A150_Background_Keyword.md" time="0.000244400"/>
  </testsuite>
  <testsuite name="../docs/features\A160_Ignoring_Blank_Lines.md" tests="4" failures="0" errors="0" skipped="0" time="0.971414500">
    <testcase name="some obvious tests" classname="../docs/features\A160_Ignoring_Blank_Lines.md" time="0.001652800"/>
    <testcase name="default behavior, non sensible to blank lines" classname="../docs/features\A160_Ignoring_Blank_Lines.md" time="0.307272800"/>
    <testcase name="with --exact_match, sensible to blank lines" classname="../docs/features\A160_Ignoring_Blank_Lines.md" time="0.270844400"/>
    <testcase name="with --exact_match and --ignore_blank_lines, non sensible to blank lines" classname="../docs/features\A160_Ignoring_Blank_Lines.md" time="0.271004500"/>
  </testsuite>
  <testsuite name="../docs/features\A170_File_vs_File_Name.md" tests="3" failures="0" errors="0" skipped="0" time="0.156641000">
    <testcase name="&quot;Then I get file&quot; form" classname="../docs/features\A170_File_vs_File_Name.md" time="0.026615200"/>
    <testcase name="&quot;Then output is | contains | does not contain file&quot; form" classname="../docs/features\A170_File_vs_File_Name.md" time="0.014756600"/>
    <testcase name="&quot;Then file is | contains | does not contain file&quot; form" classname="../docs/features\A170_File_vs_File_Name.md" time="0.000745700"/>
  </testsuite>
  <testsuite name="../docs/features\A190_Run.md" tests="4" failures="0" errors="0" skipped="1" time="0.320494600">
    <testcase name="the command relative path is given" classname="../docs/features\A190_Run.md" time="0.034544100"/>
    <testcase name="the command is in the PATH" classname="../docs/features\A190_Run.md" time="0.044427000"/>
    <testcase name="command not found" classname="../docs/features\A190_Run.md" time="0.132811600"/>
  </testsuite>
  <testsuite name="../docs/features\A195_Run_Or.md" tests="5" failures="3" errors="0" skipped="0" time="0.763378700">
    <testcase name="normal use case" classname="../docs/features\A195_Run_Or.md" time="0.150323900">
      <failure message="Test failed">
        Failed steps:  2      </failure>
    </testcase>
    <testcase name="The last command does not meet expectation (test should fail)" classname="../docs/features\A195_Run_Or.md" time="0.160723300">
      <failure message="Test failed">
        Failed steps:  4      </failure>
    </testcase>
    <testcase name="Missing command before &quot;or&quot;" classname="../docs/features\A195_Run_Or.md" time="0.160758300">
      <failure message="Test failed">
        Failed steps:  2      </failure>
    </testcase>
    <testcase name="Missing command after &quot;or&quot;" classname="../docs/features\A195_Run_Or.md" time="0.024172600"/>
    <testcase name="Two consecutive &quot;or&quot;" classname="../docs/features\A195_Run_Or.md" time="0.151653000"/>
  </testsuite>
  <testsuite name="../docs/features\A200_Regexp.md" tests="5" failures="0" errors="0" skipped="0" time="0.432410700">
    <testcase name="version number match" classname="../docs/features\A200_Regexp.md" time="0.019682400"/>
    <testcase name="version number mismatch" classname="../docs/features\A200_Regexp.md" time="0.148689800"/>
    <testcase name="Test of &quot;output does not match&quot;" classname="../docs/features\A200_Regexp.md" time="0.013199300"/>
    <testcase name="Test of &quot;output does not match&quot; that indeed matches" classname="../docs/features\A200_Regexp.md" time="0.144310500"/>
    <testcase name="test of &quot;file match&quot;" classname="../docs/features\A200_Regexp.md" time="0.002434600"/>
  </testsuite>
  <testsuite name="" tests="4" failures="0" errors="0" skipped="0" time="0.829606400">
    <testcase name="Human match" classname="" time="0.272196500"/>
    <testcase name="exact match" classname="" time="0.128860000"/>
    <testcase name="exact match except for casing" classname="" time="0.146551700"/>
    <testcase name="exact match except for casing and blank lines" classname="" time="0.163720300"/>
  </testsuite>
  <testsuite name="" tests="2" failures="0" errors="0" skipped="0" time="0.806906500">
    <testcase name="gcc version?" classname="" time="0.039853000"/>
    <testcase name="compiling and executing an hello word" classname="" time="0.652151400"/>
  </testsuite>
  <testsuite name="../docs/features\A230_select_exclude_include.md" tests="9" failures="0" errors="0" skipped="0" time="1.320773000">
    <testcase name="no filtering" classname="../docs/features\A230_select_exclude_include.md" time="0.182698700"/>
    <testcase name="step filtering" classname="../docs/features\A230_select_exclude_include.md" time="0.160925700"/>
    <testcase name="step selection" classname="../docs/features\A230_select_exclude_include.md" time="0.156099900"/>
    <testcase name="Selecting a scenario" classname="../docs/features\A230_select_exclude_include.md" time="0.180823400"/>
    <testcase name="selection is empty" classname="../docs/features\A230_select_exclude_include.md" time="0.013783300"/>
    <testcase name="Selecting a Background only" classname="../docs/features\A230_select_exclude_include.md" time="0.133088800"/>
    <testcase name="Select followed by an exclude" classname="../docs/features\A230_select_exclude_include.md" time="0.176194800"/>
    <testcase name="scenario Excluded followed by an include of a step inside" classname="../docs/features\A230_select_exclude_include.md" time="0.175451700"/>
    <testcase name="Exclude by file name" classname="../docs/features\A230_select_exclude_include.md" time="0.016201900"/>
  </testsuite>
  <testsuite name="" tests="1" failures="0" errors="0" skipped="0" time="0.189461600">
    <testcase name="Running something in postcondition" classname="" time="0.084716800"/>
  </testsuite>
  <testsuite name="" tests="1" failures="0" errors="0" skipped="0" time="0.246622100">
    <testcase name="Checking that a command fails" classname="" time="0.133718800"/>
  </testsuite>
  <testsuite name="../docs/features\B010_Deleting_created_files.md" tests="2" failures="0" errors="0" skipped="0" time="0.406775200">
    <testcase name="run without --cleanup" classname="../docs/features\B010_Deleting_created_files.md" time="0.140507400"/>
    <testcase name="run with --cleanup" classname="../docs/features\B010_Deleting_created_files.md" time="0.139347300"/>
  </testsuite>
  <testsuite name="../docs/features\B020_Exec_dir.md" tests="2" failures="0" errors="0" skipped="0" time="0.381693600">
    <testcase name="Lets run &quot;create_tree.md&quot; in the current dir" classname="../docs/features\B020_Exec_dir.md" time="0.131817800"/>
    <testcase name="Lets run &quot;create_tree.md&quot; in ./dir2" classname="../docs/features\B020_Exec_dir.md" time="0.138256000"/>
  </testsuite>
  <testsuite name="../docs/features\B030_File_creation_in_Given_steps.md" tests="3" failures="0" errors="0" skipped="0" time="0.165255000">
    <testcase name="a required file does not exist" classname="../docs/features\B030_File_creation_in_Given_steps.md" time="0.029915500"/>
    <testcase name="the required file is created" classname="../docs/features\B030_File_creation_in_Given_steps.md" time="0.021977000"/>
    <testcase name="&quot;Given there is no&quot;, when there actually is, should erase the file" classname="../docs/features\B030_File_creation_in_Given_steps.md" time="0.001637600"/>
  </testsuite>
  <testsuite name="../docs/features\B040_Find_scenarios.md" tests="6" failures="0" errors="0" skipped="0" time="0.326336500">
    <testcase name="no file or dir on the command line" classname="../docs/features\B040_Find_scenarios.md" time="0.056825900"/>
    <testcase name="running all scenarios in dir1" classname="../docs/features\B040_Find_scenarios.md" time="0.023733000"/>
    <testcase name="running multiple scenarios given on command line" classname="../docs/features\B040_Find_scenarios.md" time="0.014380100"/>
    <testcase name="running scenarios in a tree thanks to `-r`" classname="../docs/features\B040_Find_scenarios.md" time="0.036969500"/>
    <testcase name="error msg when trying to run scenarios, but none found in given directories" classname="../docs/features\B040_Find_scenarios.md" time="0.020216600"/>
    <testcase name="empty list file on list_files if there is no scenario in given directories" classname="../docs/features\B040_Find_scenarios.md" time="0.029224600"/>
  </testsuite>
  <testsuite name="../docs/features\B050_Strict_gherkin.md" tests="1" failures="0" errors="0" skipped="0" time="0.481779000">
    <testcase name="Multiple When in a scenario" classname="../docs/features\B050_Strict_gherkin.md" time="0.379098000"/>
  </testsuite>
  <testsuite name="../docs/features\B060_Return_code_on_test_failure.md" tests="3" failures="0" errors="0" skipped="0" time="0.572010100">
    <testcase name="return code on test success" classname="../docs/features\B060_Return_code_on_test_failure.md" time="0.155294800"/>
    <testcase name="return code when the test fail" classname="../docs/features\B060_Return_code_on_test_failure.md" time="0.152838000"/>
    <testcase name="return code when one fail and the other succeed" classname="../docs/features\B060_Return_code_on_test_failure.md" time="0.160699100"/>
  </testsuite>
  <testsuite name="../docs/features\B080_Keep_Going.md" tests="6" failures="0" errors="0" skipped="0" time="0.726541600">
    <testcase name="scenario_with_syntax_error run without `-k`" classname="../docs/features\B080_Keep_Going.md" time="0.020263700"/>
    <testcase name="scenario_with_syntax_error run with `-k`" classname="../docs/features\B080_Keep_Going.md" time="0.186663600"/>
    <testcase name="scenario_with_assertion_error run without `-k`" classname="../docs/features\B080_Keep_Going.md" time="0.188262200"/>
    <testcase name="scenario_with_assertion_error run with `-k`" classname="../docs/features\B080_Keep_Going.md" time="0.187321100"/>
    <testcase name="explain scenario_with_syntax_error without `-k`" classname="../docs/features\B080_Keep_Going.md" time="0.014463000"/>
    <testcase name="explain scenario_with_syntax_error with `-k`" classname="../docs/features\B080_Keep_Going.md" time="0.015786700"/>
  </testsuite>
  <testsuite name="../docs/features\B090_tmp_dir.md" tests="4" failures="0" errors="0" skipped="0" time="0.757352200">
    <testcase name="Current dir, no cleanup" classname="../docs/features\B090_tmp_dir.md" time="0.143858800"/>
    <testcase name="Current dir, with cleanup" classname="../docs/features\B090_tmp_dir.md" time="0.167944000"/>
    <testcase name="Within dir1, no cleanup" classname="../docs/features\B090_tmp_dir.md" time="0.164858500"/>
    <testcase name="Within dir1, with cleanup" classname="../docs/features\B090_tmp_dir.md" time="0.162990200"/>
  </testsuite>
  <testsuite name="" tests="3" failures="0" errors="0" skipped="0" time="0.557439200">
    <testcase name="default mode run" classname="" time="0.141019800"/>
    <testcase name="verbose mode run" classname="" time="0.150903300"/>
    <testcase name="run with an error" classname="" time="0.154613700"/>
  </testsuite>
  <testsuite name="../docs/features\B110_Spawn.md" tests="2" failures="0" errors="0" skipped="2" time="0.114126700">
  </testsuite>
  <testsuite name="" tests="5" failures="0" errors="0" skipped="0" time="1.080718200">
    <testcase name="Quiet mode run" classname="" time="0.243792500"/>
    <testcase name="Default mode run" classname="" time="0.203692500"/>
    <testcase name="Verbose mode run" classname="" time="0.219224300"/>
    <testcase name="Normal mode with an error" classname="" time="0.134976000"/>
    <testcase name="Quiet mode with an error" classname="" time="0.161529300"/>
  </testsuite>
  <testsuite name="../docs/features\B130_Cmd_Line_Help.md" tests="7" failures="7" errors="0" skipped="0" time="0.303577700">
    <testcase name="calling bbt without parameter or with -h put the normal help" classname="../docs/features\B130_Cmd_Line_Help.md" time="0.023022001">
      <failure message="Test failed">
        Failed steps:  2      </failure>
    </testcase>
    <testcase name="filtering help" classname="../docs/features\B130_Cmd_Line_Help.md" time="0.032157401">
      <failure message="Test failed">
        Failed steps:  2      </failure>
    </testcase>
    <testcase name="matching help" classname="../docs/features\B130_Cmd_Line_Help.md" time="0.033804601">
      <failure message="Test failed">
        Failed steps:  2      </failure>
    </testcase>
    <testcase name="others help" classname="../docs/features\B130_Cmd_Line_Help.md" time="0.029259401">
      <failure message="Test failed">
        Failed steps:  2      </failure>
    </testcase>
    <testcase name="On_All help" classname="../docs/features\B130_Cmd_Line_Help.md" time="0.025974799">
      <failure message="Test failed">
        Failed steps:  6      </failure>
    </testcase>
    <testcase name="tutorial generation" classname="../docs/features\B130_Cmd_Line_Help.md" time="0.020794800">
      <failure message="Test failed">
        Failed steps:  2      </failure>
    </testcase>
    <testcase name="generated example is OK" classname="../docs/features\B130_Cmd_Line_Help.md" time="0.020423100">
      <failure message="Test failed">
        Failed steps:  2      </failure>
    </testcase>
  </testsuite>
  <testsuite name="" tests="2" failures="0" errors="0" skipped="0" time="1.222503101">
    <testcase name="Successful run index file" classname="" time="0.652760100"/>
    <testcase name="Unsuccessful run index file" classname="" time="0.456517901"/>
  </testsuite>
  <testsuite name="../docs/features\B150_Deprecated_Options.md" tests="1" failures="0" errors="0" skipped="0" time="0.283462200">
    <testcase name="--output option" classname="../docs/features\B150_Deprecated_Options.md" time="0.167030800"/>
  </testsuite>
  <testsuite name="../docs/features\B160_JUnit_XML_Export.md" tests="5" failures="0" errors="0" skipped="1" time="0.779490000">
    <testcase name="1 : Basic file with only a single scenario" classname="../docs/features\B160_JUnit_XML_Export.md" time="0.172287400"/>
    <testcase name="1: both scenario are run" classname="../docs/features\B160_JUnit_XML_Export.md" time="0.170465700"/>
    <testcase name="2 : one scenario is skipped" classname="../docs/features\B160_JUnit_XML_Export.md" time="0.159540000"/>
    <testcase name="Test XML escaping with special characters" classname="../docs/features\B160_JUnit_XML_Export.md" time="0.170301300"/>
  </testsuite>
  <testsuite name="../docs/features\B170_Explain.md" tests="19" failures="0" errors="0" skipped="0" time="0.617747400">
    <testcase name="explain elements other than steps" classname="../docs/features\B170_Explain.md" time="0.055939500"/>
    <testcase name="explain action Setup_No_File" classname="../docs/features\B170_Explain.md" time="0.017685600"/>
    <testcase name="explain action Setup_No_Dir" classname="../docs/features\B170_Explain.md" time="0.029788300"/>
    <testcase name="explain action Check_File_Existence" classname="../docs/features\B170_Explain.md" time="0.034479300"/>
    <testcase name="explain action Check_Dir_Existence" classname="../docs/features\B170_Explain.md" time="0.028501000"/>
    <testcase name="explain action Erase_And_Create" classname="../docs/features\B170_Explain.md" time="0.022749600"/>
    <testcase name="explain action Create_If_None" classname="../docs/features\B170_Explain.md" time="0.025944100"/>
    <testcase name="explain action Run" classname="../docs/features\B170_Explain.md" time="0.028194800"/>
    <testcase name="explain action Run_Without_Error" classname="../docs/features\B170_Explain.md" time="0.015425600"/>
    <testcase name="explain action Check_No_File" classname="../docs/features\B170_Explain.md" time="0.015780000"/>
    <testcase name="explain action Check_No_Dir" classname="../docs/features\B170_Explain.md" time="0.017663400"/>
    <testcase name="explain action Error_Return_Code and No_Error_Return_Code" classname="../docs/features\B170_Explain.md" time="0.029788400"/>
    <testcase name="explain action Output_Is" classname="../docs/features\B170_Explain.md" time="0.017563100"/>
    <testcase name="explain action Output_Contains and Output_Does_Not_Contain" classname="../docs/features\B170_Explain.md" time="0.022224100"/>
    <testcase name="explain action Output|File_Matches and Output|File_Does_Not_Match" classname="../docs/features\B170_Explain.md" time="0.023182700"/>
    <testcase name="explain action File_Is and File_Is_Not" classname="../docs/features\B170_Explain.md" time="0.032386000"/>
    <testcase name="explain action File_Contains and File_Does_Not_Contain" classname="../docs/features\B170_Explain.md" time="0.021616800"/>
    <testcase name="explain action No_Output" classname="../docs/features\B170_Explain.md" time="0.022046100"/>
    <testcase name="explain Invalid Step" classname="../docs/features\B170_Explain.md" time="0.045019400"/>
  </testsuite>
  <testsuite name="../docs/features\B180_Ignored_Files.md" tests="1" failures="0" errors="0" skipped="0" time="0.138667700">
    <testcase name="Checking that the index file is ignored" classname="../docs/features\B180_Ignored_Files.md" time="0.036170300"/>
  </testsuite>
  <testsuite name="" tests="3" failures="0" errors="0" skipped="0" time="0.594893800">
    <testcase name="No step test A" classname="" time="0.179075500"/>
    <testcase name="No step test B" classname="" time="0.173154500"/>
    <testcase name="No scenario in Feature" classname="" time="0.128379000"/>
  </testsuite>
  <testsuite name="../docs/features\C030_Markdown_syntax.md" tests="3" failures="0" errors="0" skipped="0" time="1.608256100">
    <testcase name="Heading variations" classname="../docs/features\C030_Markdown_syntax.md" time="1.314665100"/>
    <testcase name="Missing heading marker" classname="../docs/features\C030_Markdown_syntax.md" time="0.137434800"/>
    <testcase name="Steps using [Emphasis and strong emphasis](https://spec.commonmark.org/0.31.2/#emphasis-and-strong-emphasis)" classname="../docs/features\C030_Markdown_syntax.md" time="0.041641700"/>
  </testsuite>
  <testsuite name="" tests="1" failures="0" errors="0" skipped="0" time="0.276518200">
    <testcase name="Missing tittle in scenario, background and feature" classname="" time="0.174573800"/>
  </testsuite>
  <testsuite name="../docs/features\C050_Step_marker.md" tests="1" failures="0" errors="0" skipped="0" time="0.232820800">
    <testcase name="Different markers within the scenario" classname="../docs/features\C050_Step_marker.md" time="0.127063200"/>
  </testsuite>
  <testsuite name="" tests="1" failures="0" errors="0" skipped="0" time="0.263396100">
    <testcase name="Code fenced blocks" classname="" time="0.156747200"/>
  </testsuite>
  <testsuite name="../docs/features\C070_missing_code_block.md" tests="4" failures="0" errors="0" skipped="0" time="0.533849300">
    <testcase name="Code block missing at the end of the file" classname="../docs/features\C070_missing_code_block.md" time="0.172328200"/>
    <testcase name="Code block missing while reaching next step" classname="../docs/features\C070_missing_code_block.md" time="0.165501000"/>
    <testcase name="Code block missing while reaching next scenario" classname="../docs/features\C070_missing_code_block.md" time="0.051342800"/>
    <testcase name="Closing code block mark missing" classname="../docs/features\C070_missing_code_block.md" time="0.038233500"/>
  </testsuite>
  <testsuite name="../docs/features\C080_missing_scenario.md" tests="2" failures="0" errors="0" skipped="0" time="0.410459000">
    <testcase name="Steps without scenario header" classname="../docs/features\C080_missing_scenario.md" time="0.138620500"/>
    <testcase name="Empty file" classname="../docs/features\C080_missing_scenario.md" time="0.155417900"/>
  </testsuite>
  <testsuite name="../docs/features\C090_GNU_Error_Msg_Format.md" tests="1" failures="0" errors="0" skipped="0" time="0.325011800">
    <testcase name="" classname="../docs/features\C090_GNU_Error_Msg_Format.md" time="0.208646000"/>
  </testsuite>
  <testsuite name="" tests="1" failures="0" errors="0" skipped="0" time="0.291898800">
    <testcase name="Detection of ambiguous use of multiple recognized verbs in the same Step" classname="" time="0.178431300"/>
  </testsuite>
  <testsuite name="../docs/features\C120_Ill_Formated_Steps.md" tests="1" failures="0" errors="0" skipped="0" time="0.307610300">
    <testcase name="" classname="../docs/features\C120_Ill_Formated_Steps.md" time="0.204051600"/>
  </testsuite>
</testsuites>
