<?xml version="1.0" encoding="UTF-8"?>
<testsuites name="features_results" tests="175" failures="0" errors="0" skipped="6" time="0.123800400">
  <testsuite name="../docs/features\A005_Given.md" tests="4" failures="0" errors="0" skipped="0" time="0.123800400">
    <testcase name="Checking that there is no file or dir" classname="../docs/features\A005_Given.md" time="0.000705600"/>
    <testcase name="Checking that there is some dir" classname="../docs/features\A005_Given.md" time="0.001251600"/>
    <testcase name="Checking that there is a file with some content" classname="../docs/features\A005_Given.md" time="0.004730300"/>
    <testcase name="Creating a file with some content" classname="../docs/features\A005_Given.md" time="0.004663800"/>
  </testsuite>
  <testsuite name="../docs/features\A006_Given_Executable_File.md" tests="2" failures="0" errors="0" skipped="2" time="0.102776800">
  </testsuite>
  <testsuite name="../docs/features\A010_Then_Contains_Code_Span.md" tests="3" failures="0" errors="0" skipped="0" time="0.409122000">
    <testcase name="test on a string output" classname="../docs/features\A010_Then_Contains_Code_Span.md" time="0.270591500"/>
    <testcase name="test on a multiline output" classname="../docs/features\A010_Then_Contains_Code_Span.md" time="0.020985600"/>
    <testcase name="test on a file" classname="../docs/features\A010_Then_Contains_Code_Span.md" time="0.002863400"/>
  </testsuite>
  <testsuite name="../docs/features\A020_Then_Contains_Code_Block.md" tests="2" failures="0" errors="0" skipped="0" time="0.279501600">
    <testcase name="test the standard output" classname="../docs/features\A020_Then_Contains_Code_Block.md" time="0.015412300"/>
    <testcase name="compare with an existing file" classname="../docs/features\A020_Then_Contains_Code_Block.md" time="0.159244700"/>
  </testsuite>
  <testsuite name="../docs/features\A030_Then_Does_Not_Contain.md" tests="3" failures="0" errors="0" skipped="0" time="0.437449800">
    <testcase name="Successful checks" classname="../docs/features\A030_Then_Does_Not_Contain.md" time="0.017983200"/>
    <testcase name="Failed &quot;output doesn&apos;t contain&quot;" classname="../docs/features\A030_Then_Does_Not_Contain.md" time="0.154461300"/>
    <testcase name="Failed &quot;file doesn&apos;t contain&quot;" classname="../docs/features\A030_Then_Does_Not_Contain.md" time="0.154165000"/>
  </testsuite>
  <testsuite name="../docs/features\A040_Example_Keyword.md" tests="2" failures="0" errors="0" skipped="0" time="0.133793500">
    <testcase name="NOK return code" classname="../docs/features\A040_Example_Keyword.md" time="0.016245900"/>
    <testcase name="NOK return code" classname="../docs/features\A040_Example_Keyword.md" time="0.014772700"/>
  </testsuite>
  <testsuite name="../docs/features\A050_Then_File_Is_Code_Block.md" tests="2" failures="0" errors="0" skipped="0" time="0.272438400">
    <testcase name="file is as expected" classname="../docs/features\A050_Then_File_Is_Code_Block.md" time="0.015787400"/>
    <testcase name="file is not as expected" classname="../docs/features\A050_Then_File_Is_Code_Block.md" time="0.140466300"/>
  </testsuite>
  <testsuite name="../docs/features\A060_Then_File_Equal_Code_Span.md" tests="2" failures="0" errors="0" skipped="0" time="0.333252700">
    <testcase name="test on a single line file" classname="../docs/features\A060_Then_File_Equal_Code_Span.md" time="0.038251399"/>
    <testcase name="adding a second line to the file, so the same test should fail" classname="../docs/features\A060_Then_File_Equal_Code_Span.md" time="0.187252600"/>
  </testsuite>
  <testsuite name="../docs/features\A065_Then_File_Equal_File.md" tests="3" failures="0" errors="0" skipped="0" time="0.251276200">
    <testcase name="test `is equal to file` form" classname="../docs/features\A065_Then_File_Equal_File.md" time="0.004811400"/>
    <testcase name="test `is equal to file` when files are *not* equal" classname="../docs/features\A065_Then_File_Equal_File.md" time="0.135636800"/>
    <testcase name="test the negative form `is not equal to file`" classname="../docs/features\A065_Then_File_Equal_File.md" time="0.003241900"/>
  </testsuite>
  <testsuite name="../docs/features\A070_Then_Get_Code_Span.md" tests="2" failures="0" errors="0" skipped="0" time="0.144506900">
    <testcase name="asking for sut help" classname="../docs/features\A070_Then_Get_Code_Span.md" time="0.022397500"/>
    <testcase name="causing an sut error with a long explanation" classname="../docs/features\A070_Then_Get_Code_Span.md" time="0.017537300"/>
  </testsuite>
  <testsuite name="../docs/features\A080_Then_Output_Equal_To_File.md" tests="1" failures="0" errors="0" skipped="0" time="0.181759100">
    <testcase name="test `output is equal` keyword" classname="../docs/features\A080_Then_Output_Equal_To_File.md" time="0.073466700"/>
  </testsuite>
  <testsuite name="../docs/features\A090_Then_Get_Error.md" tests="2" failures="0" errors="0" skipped="0" time="0.160836100">
    <testcase name="NOK return code" classname="../docs/features\A090_Then_Get_Error.md" time="0.015591500"/>
    <testcase name="OK return code" classname="../docs/features\A090_Then_Get_Error.md" time="0.015843800"/>
  </testsuite>
  <testsuite name="../docs/features\A100_Then_Get_Stderr.md" tests="1" failures="0" errors="0" skipped="0" time="0.130840300">
    <testcase name="unknown option" classname="../docs/features\A100_Then_Get_Stderr.md" time="0.019219200"/>
  </testsuite>
  <testsuite name="../docs/features\A110_Then_No_Output.md" tests="2" failures="0" errors="0" skipped="0" time="0.287307500">
    <testcase name="silent operation" classname="../docs/features\A110_Then_No_Output.md" time="0.024554000"/>
    <testcase name="silent operation expected, but there is an output" classname="../docs/features\A110_Then_No_Output.md" time="0.149885500"/>
  </testsuite>
  <testsuite name="../docs/features\A120_Then_Get_String.md" tests="1" failures="0" errors="0" skipped="0" time="0.123719200">
    <testcase name="asking for sut version" classname="../docs/features\A120_Then_Get_String.md" time="0.014551900"/>
  </testsuite>
  <testsuite name="../docs/features\A130_Successfully_Keyword.md" tests="3" failures="0" errors="0" skipped="0" time="0.287234800">
    <testcase name="*when I successfully run* a command with successful run" classname="../docs/features\A130_Successfully_Keyword.md" time="0.018778200"/>
    <testcase name="*when I successfully run* a command with a wrong command line, returns an error status" classname="../docs/features\A130_Successfully_Keyword.md" time="0.146214600"/>
    <testcase name="*when I run* a command with a wrong command line" classname="../docs/features\A130_Successfully_Keyword.md" time="0.018395900"/>
  </testsuite>
  <testsuite name="../docs/features\A140_Unordered_Keyword.md" tests="4" failures="0" errors="0" skipped="0" time="0.451032599">
    <testcase name="&quot;I get&quot; without the modifier" classname="../docs/features\A140_Unordered_Keyword.md" time="0.157200499"/>
    <testcase name="same &quot;I get&quot; with the modifier" classname="../docs/features\A140_Unordered_Keyword.md" time="0.017128101"/>
    <testcase name="&quot;contains&quot; without the modifier" classname="../docs/features\A140_Unordered_Keyword.md" time="0.144100000"/>
    <testcase name="same &quot;contains&quot; but with the &quot;unordered&quot; modifier" classname="../docs/features\A140_Unordered_Keyword.md" time="0.014452299"/>
  </testsuite>
  <testsuite name="../docs/features\A150_Background_Keyword.md" tests="4" failures="0" errors="0" skipped="0" time="0.123246700">
    <testcase name="lets erase what was created by previous background runs" classname="../docs/features\A150_Background_Keyword.md" time="0.002056800"/>
    <testcase name="Two Background executed" classname="../docs/features\A150_Background_Keyword.md" time="0.000411900"/>
    <testcase name="lets erase once more what was created by previous background runs" classname="../docs/features\A150_Background_Keyword.md" time="0.001748600"/>
    <testcase name="only first background should apply" classname="../docs/features\A150_Background_Keyword.md" time="0.000328900"/>
  </testsuite>
  <testsuite name="../docs/features\A160_Ignoring_Blank_Lines.md" tests="4" failures="0" errors="0" skipped="0" time="0.905578200">
    <testcase name="some obvious tests" classname="../docs/features\A160_Ignoring_Blank_Lines.md" time="0.001531800"/>
    <testcase name="default behavior, non sensible to blank lines" classname="../docs/features\A160_Ignoring_Blank_Lines.md" time="0.264428600"/>
    <testcase name="with --exact_match, sensible to blank lines" classname="../docs/features\A160_Ignoring_Blank_Lines.md" time="0.267209200"/>
    <testcase name="with --exact_match and --ignore_blank_lines, non sensible to blank lines" classname="../docs/features\A160_Ignoring_Blank_Lines.md" time="0.249427100"/>
  </testsuite>
  <testsuite name="../docs/features\A170_File_vs_File_Name.md" tests="3" failures="0" errors="0" skipped="0" time="0.143859800">
    <testcase name="&quot;Then I get file&quot; form" classname="../docs/features\A170_File_vs_File_Name.md" time="0.018039500"/>
    <testcase name="&quot;Then output is | contains | does not contain file&quot; form" classname="../docs/features\A170_File_vs_File_Name.md" time="0.015013100"/>
    <testcase name="&quot;Then file is | contains | does not contain file&quot; form" classname="../docs/features\A170_File_vs_File_Name.md" time="0.001590400"/>
  </testsuite>
  <testsuite name="../docs/features\A190_Run.md" tests="4" failures="0" errors="0" skipped="1" time="0.327534100">
    <testcase name="the command relative path is given" classname="../docs/features\A190_Run.md" time="0.014609800"/>
    <testcase name="the command is in the PATH" classname="../docs/features\A190_Run.md" time="0.061492900"/>
    <testcase name="command not found" classname="../docs/features\A190_Run.md" time="0.138377900"/>
  </testsuite>
  <testsuite name="../docs/features\A195_Run_Or.md" tests="5" failures="0" errors="0" skipped="0" time="0.840076000">
    <testcase name="normal use case" classname="../docs/features\A195_Run_Or.md" time="0.172914500"/>
    <testcase name="The last command does not meet expectation (test should fail)" classname="../docs/features\A195_Run_Or.md" time="0.190918500"/>
    <testcase name="Missing command before &quot;or&quot;" classname="../docs/features\A195_Run_Or.md" time="0.164008400"/>
    <testcase name="Missing command after &quot;or&quot;" classname="../docs/features\A195_Run_Or.md" time="0.029613800"/>
    <testcase name="Two consecutive &quot;or&quot;" classname="../docs/features\A195_Run_Or.md" time="0.167258700"/>
  </testsuite>
  <testsuite name="../docs/features\A200_Regexp.md" tests="5" failures="0" errors="0" skipped="0" time="0.433216500">
    <testcase name="version number match" classname="../docs/features\A200_Regexp.md" time="0.014297700"/>
    <testcase name="version number mismatch" classname="../docs/features\A200_Regexp.md" time="0.147291400"/>
    <testcase name="Test of &quot;output does not match&quot;" classname="../docs/features\A200_Regexp.md" time="0.016631100"/>
    <testcase name="Test of &quot;output does not match&quot; that indeed matches" classname="../docs/features\A200_Regexp.md" time="0.143061500"/>
    <testcase name="test of &quot;file match&quot;" classname="../docs/features\A200_Regexp.md" time="0.003806700"/>
  </testsuite>
  <testsuite name="" tests="4" failures="0" errors="0" skipped="0" time="0.761042600">
    <testcase name="Human match" classname="" time="0.264777800"/>
    <testcase name="exact match" classname="" time="0.122217500"/>
    <testcase name="exact match except for casing" classname="" time="0.129953100"/>
    <testcase name="exact match except for casing and blank lines" classname="" time="0.131078300"/>
  </testsuite>
  <testsuite name="" tests="2" failures="0" errors="0" skipped="0" time="0.801403800">
    <testcase name="gcc version?" classname="" time="0.044933700"/>
    <testcase name="compiling and executing an hello word" classname="" time="0.647522600"/>
  </testsuite>
  <testsuite name="../docs/features\A230_select_exclude_include.md" tests="9" failures="0" errors="0" skipped="0" time="1.441964100">
    <testcase name="no filtering" classname="../docs/features\A230_select_exclude_include.md" time="0.184494900"/>
    <testcase name="step filtering" classname="../docs/features\A230_select_exclude_include.md" time="0.165217200"/>
    <testcase name="step selection" classname="../docs/features\A230_select_exclude_include.md" time="0.150511000"/>
    <testcase name="Selecting a scenario" classname="../docs/features\A230_select_exclude_include.md" time="0.276492500"/>
    <testcase name="selection is empty" classname="../docs/features\A230_select_exclude_include.md" time="0.019616000"/>
    <testcase name="Selecting a Background only" classname="../docs/features\A230_select_exclude_include.md" time="0.135757200"/>
    <testcase name="Select followed by an exclude" classname="../docs/features\A230_select_exclude_include.md" time="0.192588600"/>
    <testcase name="scenario Excluded followed by an include of a step inside" classname="../docs/features\A230_select_exclude_include.md" time="0.162356000"/>
    <testcase name="Exclude by file name" classname="../docs/features\A230_select_exclude_include.md" time="0.030845600"/>
  </testsuite>
  <testsuite name="" tests="1" failures="0" errors="0" skipped="0" time="0.206615400">
    <testcase name="Running something in postcondition" classname="" time="0.099460300"/>
  </testsuite>
  <testsuite name="" tests="1" failures="0" errors="0" skipped="0" time="0.292606500">
    <testcase name="Checking that a command fails" classname="" time="0.185740400"/>
  </testsuite>
  <testsuite name="../docs/features\B010_Deleting_created_files.md" tests="2" failures="0" errors="0" skipped="0" time="0.401626200">
    <testcase name="run without --cleanup" classname="../docs/features\B010_Deleting_created_files.md" time="0.141792500"/>
    <testcase name="run with --cleanup" classname="../docs/features\B010_Deleting_created_files.md" time="0.139217600"/>
  </testsuite>
  <testsuite name="../docs/features\B020_Exec_dir.md" tests="2" failures="0" errors="0" skipped="0" time="0.378249900">
    <testcase name="Lets run &quot;create_tree.md&quot; in the current dir" classname="../docs/features\B020_Exec_dir.md" time="0.131003900"/>
    <testcase name="Lets run &quot;create_tree.md&quot; in ./dir2" classname="../docs/features\B020_Exec_dir.md" time="0.131841600"/>
  </testsuite>
  <testsuite name="../docs/features\B030_File_creation_in_Given_steps.md" tests="3" failures="0" errors="0" skipped="0" time="0.138034900">
    <testcase name="a required file does not exist" classname="../docs/features\B030_File_creation_in_Given_steps.md" time="0.029419100"/>
    <testcase name="the required file is created" classname="../docs/features\B030_File_creation_in_Given_steps.md" time="0.002726400"/>
    <testcase name="&quot;Given there is no&quot;, when there actually is, should erase the file" classname="../docs/features\B030_File_creation_in_Given_steps.md" time="0.000749500"/>
  </testsuite>
  <testsuite name="../docs/features\B040_Find_scenarios.md" tests="6" failures="0" errors="0" skipped="0" time="0.256202600">
    <testcase name="no file or dir on the command line" classname="../docs/features\B040_Find_scenarios.md" time="0.020765000"/>
    <testcase name="running all scenarios in dir1" classname="../docs/features\B040_Find_scenarios.md" time="0.025391900"/>
    <testcase name="running multiple scenarios given on command line" classname="../docs/features\B040_Find_scenarios.md" time="0.018050000"/>
    <testcase name="running scenarios in a tree thanks to `-r`" classname="../docs/features\B040_Find_scenarios.md" time="0.037326000"/>
    <testcase name="error msg when trying to run scenarios, but none found in given directories" classname="../docs/features\B040_Find_scenarios.md" time="0.022186400"/>
    <testcase name="empty list file on list_files if there is no scenario in given directories" classname="../docs/features\B040_Find_scenarios.md" time="0.016938800"/>
  </testsuite>
  <testsuite name="../docs/features\B050_Strict_gherkin.md" tests="1" failures="0" errors="0" skipped="0" time="0.473100000">
    <testcase name="Multiple When in a scenario" classname="../docs/features\B050_Strict_gherkin.md" time="0.358662500"/>
  </testsuite>
  <testsuite name="../docs/features\B060_Return_code_on_test_failure.md" tests="3" failures="0" errors="0" skipped="0" time="0.560952400">
    <testcase name="return code on test success" classname="../docs/features\B060_Return_code_on_test_failure.md" time="0.158825500"/>
    <testcase name="return code when the test fail" classname="../docs/features\B060_Return_code_on_test_failure.md" time="0.147255000"/>
    <testcase name="return code when one fail and the other succeed" classname="../docs/features\B060_Return_code_on_test_failure.md" time="0.150866100"/>
  </testsuite>
  <testsuite name="../docs/features\B080_Keep_Going.md" tests="6" failures="0" errors="0" skipped="0" time="0.730961100">
    <testcase name="scenario_with_syntax_error run without `-k`" classname="../docs/features\B080_Keep_Going.md" time="0.034404000"/>
    <testcase name="scenario_with_syntax_error run with `-k`" classname="../docs/features\B080_Keep_Going.md" time="0.159912400"/>
    <testcase name="scenario_with_assertion_error run without `-k`" classname="../docs/features\B080_Keep_Going.md" time="0.179853900"/>
    <testcase name="scenario_with_assertion_error run with `-k`" classname="../docs/features\B080_Keep_Going.md" time="0.202734800"/>
    <testcase name="explain scenario_with_syntax_error without `-k`" classname="../docs/features\B080_Keep_Going.md" time="0.020041200"/>
    <testcase name="explain scenario_with_syntax_error with `-k`" classname="../docs/features\B080_Keep_Going.md" time="0.021799700"/>
  </testsuite>
  <testsuite name="../docs/features\B090_tmp_dir.md" tests="4" failures="0" errors="0" skipped="0" time="0.719377100">
    <testcase name="Current dir, no cleanup" classname="../docs/features\B090_tmp_dir.md" time="0.149657800"/>
    <testcase name="Current dir, with cleanup" classname="../docs/features\B090_tmp_dir.md" time="0.149239800"/>
    <testcase name="Within dir1, no cleanup" classname="../docs/features\B090_tmp_dir.md" time="0.151065500"/>
    <testcase name="Within dir1, with cleanup" classname="../docs/features\B090_tmp_dir.md" time="0.146912500"/>
  </testsuite>
  <testsuite name="" tests="3" failures="0" errors="0" skipped="0" time="0.561394300">
    <testcase name="default mode run" classname="" time="0.139897400"/>
    <testcase name="verbose mode run" classname="" time="0.152932500"/>
    <testcase name="run with an error" classname="" time="0.159848300"/>
  </testsuite>
  <testsuite name="../docs/features\B110_Spawn.md" tests="2" failures="0" errors="0" skipped="2" time="0.107736500">
  </testsuite>
  <testsuite name="" tests="5" failures="0" errors="0" skipped="0" time="1.072051600">
    <testcase name="Quiet mode run" classname="" time="0.216982800"/>
    <testcase name="Default mode run" classname="" time="0.219160800"/>
    <testcase name="Verbose mode run" classname="" time="0.219199100"/>
    <testcase name="Normal mode with an error" classname="" time="0.156023300"/>
    <testcase name="Quiet mode with an error" classname="" time="0.152236600"/>
  </testsuite>
  <testsuite name="../docs/features\B130_Cmd_Line_Help.md" tests="11" failures="0" errors="0" skipped="0" time="0.397747200">
    <testcase name="filtering help" classname="../docs/features\B130_Cmd_Line_Help.md" time="0.021289600"/>
    <testcase name="matching help" classname="../docs/features\B130_Cmd_Line_Help.md" time="0.021017799"/>
    <testcase name="others help" classname="../docs/features\B130_Cmd_Line_Help.md" time="0.020108200"/>
    <testcase name="On_All help" classname="../docs/features\B130_Cmd_Line_Help.md" time="0.050922700"/>
    <testcase name="tutorial generation" classname="../docs/features\B130_Cmd_Line_Help.md" time="0.018752399"/>
    <testcase name="grammar generation" classname="../docs/features\B130_Cmd_Line_Help.md" time="0.050444900"/>
    <testcase name="listing keywords" classname="../docs/features\B130_Cmd_Line_Help.md" time="0.021353601"/>
    <testcase name="generated example is OK" classname="../docs/features\B130_Cmd_Line_Help.md" time="0.028400600"/>
    <testcase name="calling bbt without parameter or with -h put the normal help 1/3" classname="../docs/features\B130_Cmd_Line_Help.md" time="0.016559299"/>
    <testcase name="calling bbt without parameter or with -h put the normal help 2/3" classname="../docs/features\B130_Cmd_Line_Help.md" time="0.020458400"/>
    <testcase name="calling bbt without parameter or with -h put the normal help 3/3" classname="../docs/features\B130_Cmd_Line_Help.md" time="0.018395700"/>
  </testsuite>
  <testsuite name="" tests="2" failures="0" errors="0" skipped="0" time="1.164695700">
    <testcase name="Successful run index file" classname="" time="0.606859600"/>
    <testcase name="Unsuccessful run index file" classname="" time="0.447968900"/>
  </testsuite>
  <testsuite name="../docs/features\B150_Deprecated_Options.md" tests="1" failures="0" errors="0" skipped="0" time="0.247824000">
    <testcase name="--output option" classname="../docs/features\B150_Deprecated_Options.md" time="0.138901000"/>
  </testsuite>
  <testsuite name="../docs/features\B160_JUnit_XML_Export.md" tests="5" failures="0" errors="0" skipped="1" time="0.773609200">
    <testcase name="1 : Basic file with only a single scenario" classname="../docs/features\B160_JUnit_XML_Export.md" time="0.171499600"/>
    <testcase name="1: both scenario are run" classname="../docs/features\B160_JUnit_XML_Export.md" time="0.173583800"/>
    <testcase name="2 : one scenario is skipped" classname="../docs/features\B160_JUnit_XML_Export.md" time="0.150429800"/>
    <testcase name="Test XML escaping with special characters" classname="../docs/features\B160_JUnit_XML_Export.md" time="0.164971900"/>
  </testsuite>
  <testsuite name="../docs/features\B170_Explain.md" tests="19" failures="0" errors="0" skipped="0" time="0.626381200">
    <testcase name="explain elements other than steps" classname="../docs/features\B170_Explain.md" time="0.051348400"/>
    <testcase name="explain action Setup_No_File" classname="../docs/features\B170_Explain.md" time="0.021279600"/>
    <testcase name="explain action Setup_No_Dir" classname="../docs/features\B170_Explain.md" time="0.019838900"/>
    <testcase name="explain action Check_File_Existence" classname="../docs/features\B170_Explain.md" time="0.019541900"/>
    <testcase name="explain action Check_Dir_Existence" classname="../docs/features\B170_Explain.md" time="0.025541200"/>
    <testcase name="explain action Erase_And_Create" classname="../docs/features\B170_Explain.md" time="0.021258700"/>
    <testcase name="explain action Create_If_None" classname="../docs/features\B170_Explain.md" time="0.020152000"/>
    <testcase name="explain action Run" classname="../docs/features\B170_Explain.md" time="0.021526900"/>
    <testcase name="explain action Run_Without_Error" classname="../docs/features\B170_Explain.md" time="0.022796300"/>
    <testcase name="explain action Check_No_File" classname="../docs/features\B170_Explain.md" time="0.020600800"/>
    <testcase name="explain action Check_No_Dir" classname="../docs/features\B170_Explain.md" time="0.027344200"/>
    <testcase name="explain action Error_Return_Code and No_Error_Return_Code" classname="../docs/features\B170_Explain.md" time="0.022176800"/>
    <testcase name="explain action Output_Is" classname="../docs/features\B170_Explain.md" time="0.021288700"/>
    <testcase name="explain action Output_Contains and Output_Does_Not_Contain" classname="../docs/features\B170_Explain.md" time="0.023457700"/>
    <testcase name="explain action Output|File_Matches and Output|File_Does_Not_Match" classname="../docs/features\B170_Explain.md" time="0.023947500"/>
    <testcase name="explain action File_Is and File_Is_Not" classname="../docs/features\B170_Explain.md" time="0.037330400"/>
    <testcase name="explain action File_Contains and File_Does_Not_Contain" classname="../docs/features\B170_Explain.md" time="0.038848900"/>
    <testcase name="explain action No_Output" classname="../docs/features\B170_Explain.md" time="0.023200100"/>
    <testcase name="explain Invalid Step" classname="../docs/features\B170_Explain.md" time="0.059203000"/>
  </testsuite>
  <testsuite name="../docs/features\B180_Ignored_Files.md" tests="1" failures="0" errors="0" skipped="0" time="0.129428500">
    <testcase name="Checking that the index file is ignored" classname="../docs/features\B180_Ignored_Files.md" time="0.024280600"/>
  </testsuite>
  <testsuite name="" tests="3" failures="0" errors="0" skipped="0" time="0.529360500">
    <testcase name="No step test A" classname="" time="0.148339000"/>
    <testcase name="No step test B" classname="" time="0.139372200"/>
    <testcase name="No scenario in Feature" classname="" time="0.135254800"/>
  </testsuite>
  <testsuite name="../docs/features\C030_Markdown_syntax.md" tests="3" failures="0" errors="0" skipped="0" time="1.462561700">
    <testcase name="Heading variations" classname="../docs/features\C030_Markdown_syntax.md" time="1.202644500"/>
    <testcase name="Missing heading marker" classname="../docs/features\C030_Markdown_syntax.md" time="0.130199700"/>
    <testcase name="Steps using [Emphasis and strong emphasis](https://spec.commonmark.org/0.31.2/#emphasis-and-strong-emphasis)" classname="../docs/features\C030_Markdown_syntax.md" time="0.020017700"/>
  </testsuite>
  <testsuite name="" tests="1" failures="0" errors="0" skipped="0" time="0.278934900">
    <testcase name="Missing tittle in scenario, background and feature" classname="" time="0.174332400"/>
  </testsuite>
  <testsuite name="../docs/features\C050_Step_marker.md" tests="1" failures="0" errors="0" skipped="0" time="0.236723100">
    <testcase name="Different markers within the scenario" classname="../docs/features\C050_Step_marker.md" time="0.128361800"/>
  </testsuite>
  <testsuite name="" tests="1" failures="0" errors="0" skipped="0" time="0.247466200">
    <testcase name="Code fenced blocks" classname="" time="0.142762500"/>
  </testsuite>
  <testsuite name="../docs/features\C070_missing_code_block.md" tests="4" failures="0" errors="0" skipped="0" time="0.523586100">
    <testcase name="Code block missing at the end of the file" classname="../docs/features\C070_missing_code_block.md" time="0.161527900"/>
    <testcase name="Code block missing while reaching next step" classname="../docs/features\C070_missing_code_block.md" time="0.142329600"/>
    <testcase name="Code block missing while reaching next scenario" classname="../docs/features\C070_missing_code_block.md" time="0.064888700"/>
    <testcase name="Closing code block mark missing" classname="../docs/features\C070_missing_code_block.md" time="0.045241100"/>
  </testsuite>
  <testsuite name="../docs/features\C080_missing_scenario.md" tests="2" failures="0" errors="0" skipped="0" time="0.384681400">
    <testcase name="Steps without scenario header" classname="../docs/features\C080_missing_scenario.md" time="0.138346800"/>
    <testcase name="Empty file" classname="../docs/features\C080_missing_scenario.md" time="0.133985100"/>
  </testsuite>
  <testsuite name="../docs/features\C090_GNU_Error_Msg_Format.md" tests="1" failures="0" errors="0" skipped="0" time="0.294556600">
    <testcase name="" classname="../docs/features\C090_GNU_Error_Msg_Format.md" time="0.186389500"/>
  </testsuite>
  <testsuite name="" tests="1" failures="0" errors="0" skipped="0" time="0.314029400">
    <testcase name="Detection of ambiguous use of multiple recognized verbs in the same Step" classname="" time="0.200616300"/>
  </testsuite>
  <testsuite name="../docs/features\C120_Ill_Formated_Steps.md" tests="1" failures="0" errors="0" skipped="0" time="0.339353700">
    <testcase name="" classname="../docs/features\C120_Ill_Formated_Steps.md" time="0.224660600"/>
  </testsuite>
</testsuites>
