<?xml version="1.0" encoding="UTF-8"?>
<testsuites name="features_results" tests="137" failures="0" errors="0" skipped="1" time="0.102294000">
  <testsuite name="../docs/features/A005_Given.md" tests="4" failures="0" errors="0" skipped="0" time="0.102294000">
    <testcase name="Checking that there is no file or dir" classname="../docs/features/A005_Given.md" time="0.000417000"/>
    <testcase name="Checking that there is some dir" classname="../docs/features/A005_Given.md" time="0.000371000"/>
    <testcase name="Checking that there is a file with some content" classname="../docs/features/A005_Given.md" time="0.000652000"/>
    <testcase name="Creating a file with some content" classname="../docs/features/A005_Given.md" time="0.000502000"/>
  </testsuite>
  <testsuite name="../docs/features/A006_Given_Executable_File.md" tests="2" failures="0" errors="0" skipped="0" time="0.208296000">
    <testcase name="trying to run a script without the executable keyword should fail" classname="../docs/features/A006_Given_Executable_File.md" time="0.104575000"/>
    <testcase name="trying to run the same script created with the executable attribute should succeed" classname="../docs/features/A006_Given_Executable_File.md" time="0.003133000"/>
  </testsuite>
  <testsuite name="../docs/features/A010_Then_Contains_Code_Span.md" tests="3" failures="0" errors="0" skipped="0" time="0.105308000">
    <testcase name="test on a string output" classname="../docs/features/A010_Then_Contains_Code_Span.md" time="0.002210000"/>
    <testcase name="test on a multiline output" classname="../docs/features/A010_Then_Contains_Code_Span.md" time="0.002409000"/>
    <testcase name="test on a file" classname="../docs/features/A010_Then_Contains_Code_Span.md" time="0.000389000"/>
  </testsuite>
  <testsuite name="../docs/features/A020_Then_Contains_Code_Block.md" tests="2" failures="0" errors="0" skipped="0" time="0.203884000">
    <testcase name="test the standard output" classname="../docs/features/A020_Then_Contains_Code_Block.md" time="0.000498000"/>
    <testcase name="compare with an existing file" classname="../docs/features/A020_Then_Contains_Code_Block.md" time="0.103208000"/>
  </testsuite>
  <testsuite name="../docs/features/A030_Then_Does_Not_Contain.md" tests="3" failures="0" errors="0" skipped="0" time="0.316450000">
    <testcase name="Successful checks" classname="../docs/features/A030_Then_Does_Not_Contain.md" time="0.002697000"/>
    <testcase name="Failed &quot;output doesn&apos;t contain&quot;" classname="../docs/features/A030_Then_Does_Not_Contain.md" time="0.105726000"/>
    <testcase name="Failed &quot;file doesn&apos;t contain&quot;" classname="../docs/features/A030_Then_Does_Not_Contain.md" time="0.106878000"/>
  </testsuite>
  <testsuite name="../docs/features/A040_Example_Keyword.md" tests="2" failures="0" errors="0" skipped="0" time="0.104300000">
    <testcase name="NOK return code" classname="../docs/features/A040_Example_Keyword.md" time="0.002227000"/>
    <testcase name="NOK return code" classname="../docs/features/A040_Example_Keyword.md" time="0.001886000"/>
  </testsuite>
  <testsuite name="../docs/features/A050_Then_File_Is_Code_Block.md" tests="2" failures="0" errors="0" skipped="0" time="0.206247000">
    <testcase name="file is as expected" classname="../docs/features/A050_Then_File_Is_Code_Block.md" time="0.000657000"/>
    <testcase name="file is not as expected" classname="../docs/features/A050_Then_File_Is_Code_Block.md" time="0.105313000"/>
  </testsuite>
  <testsuite name="../docs/features/A060_Then_File_Equal_Code_Span.md" tests="2" failures="0" errors="0" skipped="0" time="0.218917000">
    <testcase name="test on a single line file" classname="../docs/features/A060_Then_File_Equal_Code_Span.md" time="0.005597000"/>
    <testcase name="adding a second line to the file, so the same test should fail" classname="../docs/features/A060_Then_File_Equal_Code_Span.md" time="0.112989000"/>
  </testsuite>
  <testsuite name="../docs/features/A065_Then_File_Equal_File.md" tests="3" failures="0" errors="0" skipped="0" time="0.206546000">
    <testcase name="test `is equal to file` form" classname="../docs/features/A065_Then_File_Equal_File.md" time="0.000816000"/>
    <testcase name="test `is equal to file` when files are *not* equal" classname="../docs/features/A065_Then_File_Equal_File.md" time="0.104710000"/>
    <testcase name="test the negative form `is not equal to file`" classname="../docs/features/A065_Then_File_Equal_File.md" time="0.000701000"/>
  </testsuite>
  <testsuite name="../docs/features/A070_Then_Get_Code_Span.md" tests="2" failures="0" errors="0" skipped="0" time="0.106812000">
    <testcase name="asking for sut help" classname="../docs/features/A070_Then_Get_Code_Span.md" time="0.003518000"/>
    <testcase name="causing an sut error with a long explanation" classname="../docs/features/A070_Then_Get_Code_Span.md" time="0.002958000"/>
  </testsuite>
  <testsuite name="../docs/features/A080_Then_Output_Equal_To_File.md" tests="1" failures="0" errors="0" skipped="0" time="0.103162000">
    <testcase name="test `output is equal` keyword" classname="../docs/features/A080_Then_Output_Equal_To_File.md" time="0.002929000"/>
  </testsuite>
  <testsuite name="../docs/features/A090_Then_Get_Error.md" tests="2" failures="0" errors="0" skipped="0" time="0.104686000">
    <testcase name="NOK return code" classname="../docs/features/A090_Then_Get_Error.md" time="0.002335000"/>
    <testcase name="OK return code" classname="../docs/features/A090_Then_Get_Error.md" time="0.002079000"/>
  </testsuite>
  <testsuite name="../docs/features/A100_Then_Get_Stderr.md" tests="1" failures="0" errors="0" skipped="0" time="0.102993000">
    <testcase name="unknown option" classname="../docs/features/A100_Then_Get_Stderr.md" time="0.002754000"/>
  </testsuite>
  <testsuite name="../docs/features/A110_Then_No_Output.md" tests="2" failures="0" errors="0" skipped="0" time="0.209922000">
    <testcase name="silent operation" classname="../docs/features/A110_Then_No_Output.md" time="0.002758000"/>
    <testcase name="silent operation expected, but there is an output" classname="../docs/features/A110_Then_No_Output.md" time="0.106858000"/>
  </testsuite>
  <testsuite name="../docs/features/A120_Then_Get_String.md" tests="1" failures="0" errors="0" skipped="0" time="0.102338000">
    <testcase name="asking for sut version" classname="../docs/features/A120_Then_Get_String.md" time="0.002144000"/>
  </testsuite>
  <testsuite name="../docs/features/A130_Successfully_Keyword.md" tests="3" failures="0" errors="0" skipped="0" time="0.211027000">
    <testcase name="*when I successfully run* a command with successful run" classname="../docs/features/A130_Successfully_Keyword.md" time="0.002030000"/>
    <testcase name="*when I successfully run* a command with a wrong command line, returns an error status" classname="../docs/features/A130_Successfully_Keyword.md" time="0.105893000"/>
    <testcase name="*when I run* a command with a wrong command line" classname="../docs/features/A130_Successfully_Keyword.md" time="0.002819000"/>
  </testsuite>
  <testsuite name="../docs/features/A140_Unordered_Keyword.md" tests="4" failures="0" errors="0" skipped="0" time="0.317339000">
    <testcase name="&quot;I get&quot; without the modifier" classname="../docs/features/A140_Unordered_Keyword.md" time="0.106035000"/>
    <testcase name="same &quot;I get&quot; with the modifier" classname="../docs/features/A140_Unordered_Keyword.md" time="0.002321000"/>
    <testcase name="&quot;contains&quot; without the modifier" classname="../docs/features/A140_Unordered_Keyword.md" time="0.104035000"/>
    <testcase name="same &quot;contains&quot; but with the &quot;unordered&quot; modifier" classname="../docs/features/A140_Unordered_Keyword.md" time="0.001382000"/>
  </testsuite>
  <testsuite name="../docs/features/A150_Background_Keyword.md" tests="4" failures="0" errors="0" skipped="0" time="0.102036000">
    <testcase name="lets erase what was created by previous background runs" classname="../docs/features/A150_Background_Keyword.md" time="0.000371000"/>
    <testcase name="Two Background executed" classname="../docs/features/A150_Background_Keyword.md" time="0.000068000"/>
    <testcase name="lets erase once more what was created by previous background runs" classname="../docs/features/A150_Background_Keyword.md" time="0.000172000"/>
    <testcase name="only first background should apply" classname="../docs/features/A150_Background_Keyword.md" time="0.000068000"/>
  </testsuite>
  <testsuite name="../docs/features/A160_Ignoring_Blank_Lines.md" tests="4" failures="0" errors="0" skipped="0" time="0.727394000">
    <testcase name="some obvious tests" classname="../docs/features/A160_Ignoring_Blank_Lines.md" time="0.000369000"/>
    <testcase name="default behavior, non sensible to blank lines" classname="../docs/features/A160_Ignoring_Blank_Lines.md" time="0.208231000"/>
    <testcase name="with --exact_match, sensible to blank lines" classname="../docs/features/A160_Ignoring_Blank_Lines.md" time="0.206274000"/>
    <testcase name="with --exact_match and --ignore_blank_lines, non sensible to blank lines" classname="../docs/features/A160_Ignoring_Blank_Lines.md" time="0.207153000"/>
  </testsuite>
  <testsuite name="../docs/features/A170_File_vs_File_Name.md" tests="3" failures="0" errors="0" skipped="0" time="0.105796000">
    <testcase name="&quot;Then I get file&quot; form" classname="../docs/features/A170_File_vs_File_Name.md" time="0.002636000"/>
    <testcase name="&quot;Then output is | contains | does not contain file&quot; form" classname="../docs/features/A170_File_vs_File_Name.md" time="0.002478000"/>
    <testcase name="&quot;Then file is | contains | does not contain file&quot; form" classname="../docs/features/A170_File_vs_File_Name.md" time="0.000358000"/>
  </testsuite>
  <testsuite name="../docs/features/A190_Run.md" tests="4" failures="0" errors="0" skipped="0" time="0.312504000">
    <testcase name="the command relative path is given" classname="../docs/features/A190_Run.md" time="0.002644000"/>
    <testcase name="the command is in the PATH" classname="../docs/features/A190_Run.md" time="0.003016000"/>
    <testcase name="command not found" classname="../docs/features/A190_Run.md" time="0.103673000"/>
    <testcase name="the command is not executable (Unix_Only)" classname="../docs/features/A190_Run.md" time="0.102795000"/>
  </testsuite>
  <testsuite name="../docs/features/A200_Regexp.md" tests="5" failures="0" errors="0" skipped="0" time="0.317197000">
    <testcase name="version number match" classname="../docs/features/A200_Regexp.md" time="0.002297000"/>
    <testcase name="version number mismatch" classname="../docs/features/A200_Regexp.md" time="0.105883000"/>
    <testcase name="Test of &quot;output does not match&quot;" classname="../docs/features/A200_Regexp.md" time="0.002115000"/>
    <testcase name="Test of &quot;output does not match&quot; that indeed matches" classname="../docs/features/A200_Regexp.md" time="0.105926000"/>
    <testcase name="test of &quot;file match&quot;" classname="../docs/features/A200_Regexp.md" time="0.000545000"/>
  </testsuite>
  <testsuite name="" tests="4" failures="0" errors="0" skipped="0" time="0.630391000">
    <testcase name="Human match" classname="" time="0.209697000"/>
    <testcase name="exact match" classname="" time="0.105230000"/>
    <testcase name="exact match except for casing" classname="" time="0.104571000"/>
    <testcase name="exact match except for casing and blank lines" classname="" time="0.105974000"/>
  </testsuite>
  <testsuite name="" tests="2" failures="0" errors="0" skipped="0" time="0.169190000">
    <testcase name="gcc version?" classname="" time="0.004159000"/>
    <testcase name="compiling and executing an hello word" classname="" time="0.064836000"/>
  </testsuite>
  <testsuite name="../docs/features/A230_select_exclude_include.md" tests="9" failures="0" errors="0" skipped="0" time="0.867170000">
    <testcase name="no filtering" classname="../docs/features/A230_select_exclude_include.md" time="0.111082000"/>
    <testcase name="step filtering" classname="../docs/features/A230_select_exclude_include.md" time="0.109919000"/>
    <testcase name="step selection" classname="../docs/features/A230_select_exclude_include.md" time="0.107551000"/>
    <testcase name="Selecting a scenario" classname="../docs/features/A230_select_exclude_include.md" time="0.109507000"/>
    <testcase name="selection is empty" classname="../docs/features/A230_select_exclude_include.md" time="0.002083000"/>
    <testcase name="Selecting a Background only" classname="../docs/features/A230_select_exclude_include.md" time="0.103524000"/>
    <testcase name="Select followed by an exclude" classname="../docs/features/A230_select_exclude_include.md" time="0.109384000"/>
    <testcase name="scenario Excluded followed by an include of a step inside" classname="../docs/features/A230_select_exclude_include.md" time="0.106923000"/>
    <testcase name="Exclude by file name" classname="../docs/features/A230_select_exclude_include.md" time="0.002743000"/>
  </testsuite>
  <testsuite name="../docs/features/B010_Deleting_created_files.md" tests="2" failures="0" errors="0" skipped="0" time="0.311798000">
    <testcase name="run without --cleanup" classname="../docs/features/B010_Deleting_created_files.md" time="0.103877000"/>
    <testcase name="run with --cleanup" classname="../docs/features/B010_Deleting_created_files.md" time="0.105895000"/>
  </testsuite>
  <testsuite name="../docs/features/B020_Exec_dir.md" tests="2" failures="0" errors="0" skipped="0" time="0.307840000">
    <testcase name="Lets run `create_tree` in the current dir" classname="../docs/features/B020_Exec_dir.md" time="0.103603000"/>
    <testcase name="Lets run `create_tree` in ./dir2" classname="../docs/features/B020_Exec_dir.md" time="0.103012000"/>
  </testsuite>
  <testsuite name="../docs/features/B030_File_creation_in_Given_steps.md" tests="3" failures="0" errors="0" skipped="0" time="0.105438000">
    <testcase name="a required file does not exist" classname="../docs/features/B030_File_creation_in_Given_steps.md" time="0.004296000"/>
    <testcase name="the required file is created" classname="../docs/features/B030_File_creation_in_Given_steps.md" time="0.000379000"/>
    <testcase name="&quot;Given there is no&quot;, when there actually is, should erase the file" classname="../docs/features/B030_File_creation_in_Given_steps.md" time="0.000236000"/>
  </testsuite>
  <testsuite name="../docs/features/B040_Find_scenarios.md" tests="6" failures="0" errors="0" skipped="0" time="0.123435000">
    <testcase name="no file or dir on the command line" classname="../docs/features/B040_Find_scenarios.md" time="0.003601000"/>
    <testcase name="running all scenarios in dir1" classname="../docs/features/B040_Find_scenarios.md" time="0.003328000"/>
    <testcase name="running multiple scenarios given on command line" classname="../docs/features/B040_Find_scenarios.md" time="0.003010000"/>
    <testcase name="running scenarios in a tree thanks to `-r`" classname="../docs/features/B040_Find_scenarios.md" time="0.003928000"/>
    <testcase name="error msg when trying to run scenarios, but none found in given directories" classname="../docs/features/B040_Find_scenarios.md" time="0.002754000"/>
    <testcase name="empty list file on list_files if there is no scenario in given directories" classname="../docs/features/B040_Find_scenarios.md" time="0.002471000"/>
  </testsuite>
  <testsuite name="../docs/features/B050_Strict_gherkin.md" tests="1" failures="0" errors="0" skipped="0" time="0.317971000">
    <testcase name="Multiple When in a scenario" classname="../docs/features/B050_Strict_gherkin.md" time="0.217801000"/>
  </testsuite>
  <testsuite name="../docs/features/B060_Return_code_on_test_failure.md" tests="3" failures="0" errors="0" skipped="0" time="0.417282000">
    <testcase name="return code on test success" classname="../docs/features/B060_Return_code_on_test_failure.md" time="0.105692000"/>
    <testcase name="return code when the test fail" classname="../docs/features/B060_Return_code_on_test_failure.md" time="0.105844000"/>
    <testcase name="return code when one fail and the other succeed" classname="../docs/features/B060_Return_code_on_test_failure.md" time="0.105236000"/>
  </testsuite>
  <testsuite name="" tests="1" failures="0" errors="0" skipped="0" time="0.100847000">
    <testcase name="" classname="" time="0.000394000"/>
  </testsuite>
  <testsuite name="../docs/features/B080_Keep_Going.md" tests="2" failures="0" errors="0" skipped="0" time="0.319157000">
    <testcase name="with `-k`" classname="../docs/features/B080_Keep_Going.md" time="0.110350000"/>
    <testcase name="without `-k`" classname="../docs/features/B080_Keep_Going.md" time="0.107930000"/>
  </testsuite>
  <testsuite name="../docs/features/B090_tmp_dir.md" tests="4" failures="0" errors="0" skipped="0" time="0.527113000">
    <testcase name="Current dir, no cleanup" classname="../docs/features/B090_tmp_dir.md" time="0.106621000"/>
    <testcase name="Current dir, with cleanup" classname="../docs/features/B090_tmp_dir.md" time="0.105478000"/>
    <testcase name="Within dir1, no cleanup" classname="../docs/features/B090_tmp_dir.md" time="0.106018000"/>
    <testcase name="Within dir1, with cleanup" classname="../docs/features/B090_tmp_dir.md" time="0.105801000"/>
  </testsuite>
  <testsuite name="" tests="3" failures="0" errors="0" skipped="0" time="0.425121000">
    <testcase name="default mode run" classname="" time="0.107617000"/>
    <testcase name="verbose mode run" classname="" time="0.107686000"/>
    <testcase name="run with an error" classname="" time="0.107615000"/>
  </testsuite>
  <testsuite name="../docs/features/B110_Spawn.md" tests="2" failures="0" errors="0" skipped="0" time="0.106358000">
    <testcase name="Directory with space in the name (Unix_Only)" classname="../docs/features/B110_Spawn.md" time="0.002158000"/>
    <testcase name="Command with quoted arguments (Unix_Only)" classname="../docs/features/B110_Spawn.md" time="0.003945000"/>
  </testsuite>
  <testsuite name="" tests="5" failures="0" errors="0" skipped="0" time="0.657992000">
    <testcase name="Quiet mode run" classname="" time="0.111182000"/>
    <testcase name="Default mode run" classname="" time="0.114951000"/>
    <testcase name="Verbose mode run" classname="" time="0.113791000"/>
    <testcase name="Normal mode with an error" classname="" time="0.106774000"/>
    <testcase name="Quiet mode with an error" classname="" time="0.107682000"/>
  </testsuite>
  <testsuite name="../docs/features/B130_Cmd_Line_Help.md" tests="5" failures="0" errors="0" skipped="0" time="0.145785000">
    <testcase name="calling bbt without parameter or with -h put the normal help" classname="../docs/features/B130_Cmd_Line_Help.md" time="0.013671000"/>
    <testcase name="filtering help" classname="../docs/features/B130_Cmd_Line_Help.md" time="0.003881000"/>
    <testcase name="matching help" classname="../docs/features/B130_Cmd_Line_Help.md" time="0.004213000"/>
    <testcase name="others help" classname="../docs/features/B130_Cmd_Line_Help.md" time="0.002613000"/>
    <testcase name="On_All help" classname="../docs/features/B130_Cmd_Line_Help.md" time="0.010527000"/>
  </testsuite>
  <testsuite name="" tests="2" failures="0" errors="0" skipped="0" time="0.756703000">
    <testcase name="Successful run index file" classname="" time="0.339877000"/>
    <testcase name="Unsuccessful run index file" classname="" time="0.316532000"/>
  </testsuite>
  <testsuite name="../docs/features/B150_Deprecated_Options.md" tests="1" failures="0" errors="0" skipped="0" time="0.205035000">
    <testcase name="--output option" classname="../docs/features/B150_Deprecated_Options.md" time="0.104876000"/>
  </testsuite>
  <testsuite name="../docs/features/B160_JUnit_XML_Export.md" tests="5" failures="0" errors="0" skipped="1" time="0.535231000">
    <testcase name="1 : Basic file with only a single scenario" classname="../docs/features/B160_JUnit_XML_Export.md" time="0.107611000"/>
    <testcase name="1: both scenario are run" classname="../docs/features/B160_JUnit_XML_Export.md" time="0.107220000"/>
    <testcase name="2 : one scenario is skipped" classname="../docs/features/B160_JUnit_XML_Export.md" time="0.108926000"/>
    <testcase name="Test XML escaping with special characters" classname="../docs/features/B160_JUnit_XML_Export.md" time="0.110498000"/>
  </testsuite>
  <testsuite name="" tests="2" failures="0" errors="0" skipped="0" time="0.310339000">
    <testcase name="No step test" classname="" time="0.104943000"/>
    <testcase name="No scenario in Feature" classname="" time="0.104789000"/>
  </testsuite>
  <testsuite name="../docs/features/C030_Markdown_syntax.md" tests="2" failures="0" errors="0" skipped="0" time="1.134448000">
    <testcase name="Heading variations" classname="../docs/features/C030_Markdown_syntax.md" time="0.928730000"/>
    <testcase name="Missing heading marker" classname="../docs/features/C030_Markdown_syntax.md" time="0.105340000"/>
  </testsuite>
  <testsuite name="" tests="1" failures="0" errors="0" skipped="0" time="0.207155000">
    <testcase name="Missing tittle in scenario, background and feature" classname="" time="0.106940000"/>
  </testsuite>
  <testsuite name="../docs/features/C050_Step_marker.md" tests="1" failures="0" errors="0" skipped="0" time="0.204678000">
    <testcase name="" classname="../docs/features/C050_Step_marker.md" time="0.104478000"/>
  </testsuite>
  <testsuite name="" tests="1" failures="0" errors="0" skipped="0" time="0.207251000">
    <testcase name="Code fenced blocks" classname="" time="0.107013000"/>
  </testsuite>
  <testsuite name="../docs/features/C070_missing_code_block.md" tests="4" failures="0" errors="0" skipped="0" time="0.112838000">
    <testcase name="Code block missing at the end of the file" classname="../docs/features/C070_missing_code_block.md" time="0.002596000"/>
    <testcase name="Code block missing while reaching next step" classname="../docs/features/C070_missing_code_block.md" time="0.002171000"/>
    <testcase name="Code block missing while reaching next scenario" classname="../docs/features/C070_missing_code_block.md" time="0.003117000"/>
    <testcase name="Closing code block mark missing" classname="../docs/features/C070_missing_code_block.md" time="0.004503000"/>
  </testsuite>
  <testsuite name="../docs/features/C080_missing_scenario.md" tests="2" failures="0" errors="0" skipped="0" time="0.307604000">
    <testcase name="Steps without scenario header" classname="../docs/features/C080_missing_scenario.md" time="0.103751000"/>
    <testcase name="Empty file" classname="../docs/features/C080_missing_scenario.md" time="0.103601000"/>
  </testsuite>
  <testsuite name="../docs/features/C090_GNU_Error_Msg_Format.md" tests="1" failures="0" errors="0" skipped="0" time="0.210146000">
    <testcase name="" classname="../docs/features/C090_GNU_Error_Msg_Format.md" time="0.109948000"/>
  </testsuite>
  <testsuite name="" tests="1" failures="0" errors="0" skipped="0" time="0.207087000">
    <testcase name="Detection of ambiguous use of multiple recognized verbs in the same Step" classname="" time="0.106897000"/>
  </testsuite>
  <testsuite name="../docs/features/C120_Ill_Formated_Steps.md" tests="1" failures="0" errors="0" skipped="0" time="0.214830000">
    <testcase name="" classname="../docs/features/C120_Ill_Formated_Steps.md" time="0.114637000"/>
  </testsuite>
</testsuites>
