<?xml version="1.0" encoding="UTF-8"?>
<testsuites name="features_results" tests="137" failures="0" errors="0" skipped="1" time="0.102128000">
  <testsuite name="../docs/features/A005_Given.md" tests="4" failures="0" errors="0" skipped="0" time="0.102128000">
    <testcase name="Checking that there is no file or dir" classname="../docs/features/A005_Given.md" time="0.000426000"/>
    <testcase name="Checking that there is some dir" classname="../docs/features/A005_Given.md" time="0.000365000"/>
    <testcase name="Checking that there is a file with some content" classname="../docs/features/A005_Given.md" time="0.000648000"/>
    <testcase name="Creating a file with some content" classname="../docs/features/A005_Given.md" time="0.000341000"/>
  </testsuite>
  <testsuite name="../docs/features/A006_Given_Executable_File.md" tests="2" failures="0" errors="0" skipped="0" time="0.208004000">
    <testcase name="trying to run a script without the executable keyword should fail" classname="../docs/features/A006_Given_Executable_File.md" time="0.106121000"/>
    <testcase name="trying to run the same script created with the executable attribute should succeed" classname="../docs/features/A006_Given_Executable_File.md" time="0.001621000"/>
  </testsuite>
  <testsuite name="../docs/features/A010_Then_Contains_Code_Span.md" tests="3" failures="0" errors="0" skipped="0" time="0.104667000">
    <testcase name="test on a string output" classname="../docs/features/A010_Then_Contains_Code_Span.md" time="0.001852000"/>
    <testcase name="test on a multiline output" classname="../docs/features/A010_Then_Contains_Code_Span.md" time="0.002208000"/>
    <testcase name="test on a file" classname="../docs/features/A010_Then_Contains_Code_Span.md" time="0.000381000"/>
  </testsuite>
  <testsuite name="../docs/features/A020_Then_Contains_Code_Block.md" tests="2" failures="0" errors="0" skipped="0" time="0.203685000">
    <testcase name="test the standard output" classname="../docs/features/A020_Then_Contains_Code_Block.md" time="0.000545000"/>
    <testcase name="compare with an existing file" classname="../docs/features/A020_Then_Contains_Code_Block.md" time="0.102956000"/>
  </testsuite>
  <testsuite name="../docs/features/A030_Then_Does_Not_Contain.md" tests="3" failures="0" errors="0" skipped="0" time="0.320801000">
    <testcase name="Successful checks" classname="../docs/features/A030_Then_Does_Not_Contain.md" time="0.003628000"/>
    <testcase name="Failed &quot;output doesn&apos;t contain&quot;" classname="../docs/features/A030_Then_Does_Not_Contain.md" time="0.108174000"/>
    <testcase name="Failed &quot;file doesn&apos;t contain&quot;" classname="../docs/features/A030_Then_Does_Not_Contain.md" time="0.107074000"/>
  </testsuite>
  <testsuite name="../docs/features/A040_Example_Keyword.md" tests="2" failures="0" errors="0" skipped="0" time="0.105737000">
    <testcase name="NOK return code" classname="../docs/features/A040_Example_Keyword.md" time="0.002745000"/>
    <testcase name="NOK return code" classname="../docs/features/A040_Example_Keyword.md" time="0.002676000"/>
  </testsuite>
  <testsuite name="../docs/features/A050_Then_File_Is_Code_Block.md" tests="2" failures="0" errors="0" skipped="0" time="0.206355000">
    <testcase name="file is as expected" classname="../docs/features/A050_Then_File_Is_Code_Block.md" time="0.000619000"/>
    <testcase name="file is not as expected" classname="../docs/features/A050_Then_File_Is_Code_Block.md" time="0.105089000"/>
  </testsuite>
  <testsuite name="../docs/features/A060_Then_File_Equal_Code_Span.md" tests="2" failures="0" errors="0" skipped="0" time="0.211936000">
    <testcase name="test on a single line file" classname="../docs/features/A060_Then_File_Equal_Code_Span.md" time="0.003676000"/>
    <testcase name="adding a second line to the file, so the same test should fail" classname="../docs/features/A060_Then_File_Equal_Code_Span.md" time="0.107996000"/>
  </testsuite>
  <testsuite name="../docs/features/A065_Then_File_Equal_File.md" tests="3" failures="0" errors="0" skipped="0" time="0.205771000">
    <testcase name="test `is equal to file` form" classname="../docs/features/A065_Then_File_Equal_File.md" time="0.000658000"/>
    <testcase name="test `is equal to file` when files are *not* equal" classname="../docs/features/A065_Then_File_Equal_File.md" time="0.104228000"/>
    <testcase name="test the negative form `is not equal to file`" classname="../docs/features/A065_Then_File_Equal_File.md" time="0.000571000"/>
  </testsuite>
  <testsuite name="../docs/features/A070_Then_Get_Code_Span.md" tests="2" failures="0" errors="0" skipped="0" time="0.105292000">
    <testcase name="asking for sut help" classname="../docs/features/A070_Then_Get_Code_Span.md" time="0.003062000"/>
    <testcase name="causing an sut error with a long explanation" classname="../docs/features/A070_Then_Get_Code_Span.md" time="0.002056000"/>
  </testsuite>
  <testsuite name="../docs/features/A080_Then_Output_Equal_To_File.md" tests="1" failures="0" errors="0" skipped="0" time="0.103148000">
    <testcase name="test `output is equal` keyword" classname="../docs/features/A080_Then_Output_Equal_To_File.md" time="0.002944000"/>
  </testsuite>
  <testsuite name="../docs/features/A090_Then_Get_Error.md" tests="2" failures="0" errors="0" skipped="0" time="0.104665000">
    <testcase name="NOK return code" classname="../docs/features/A090_Then_Get_Error.md" time="0.002281000"/>
    <testcase name="OK return code" classname="../docs/features/A090_Then_Get_Error.md" time="0.002151000"/>
  </testsuite>
  <testsuite name="../docs/features/A100_Then_Get_Stderr.md" tests="1" failures="0" errors="0" skipped="0" time="0.102877000">
    <testcase name="unknown option" classname="../docs/features/A100_Then_Get_Stderr.md" time="0.002694000"/>
  </testsuite>
  <testsuite name="../docs/features/A110_Then_No_Output.md" tests="2" failures="0" errors="0" skipped="0" time="0.208637000">
    <testcase name="silent operation" classname="../docs/features/A110_Then_No_Output.md" time="0.002649000"/>
    <testcase name="silent operation expected, but there is an output" classname="../docs/features/A110_Then_No_Output.md" time="0.105730000"/>
  </testsuite>
  <testsuite name="../docs/features/A120_Then_Get_String.md" tests="1" failures="0" errors="0" skipped="0" time="0.102668000">
    <testcase name="asking for sut version" classname="../docs/features/A120_Then_Get_String.md" time="0.002513000"/>
  </testsuite>
  <testsuite name="../docs/features/A130_Successfully_Keyword.md" tests="3" failures="0" errors="0" skipped="0" time="0.210167000">
    <testcase name="*when I successfully run* a command with successful run" classname="../docs/features/A130_Successfully_Keyword.md" time="0.002451000"/>
    <testcase name="*when I successfully run* a command with a wrong command line, returns an error status" classname="../docs/features/A130_Successfully_Keyword.md" time="0.105620000"/>
    <testcase name="*when I run* a command with a wrong command line" classname="../docs/features/A130_Successfully_Keyword.md" time="0.001862000"/>
  </testsuite>
  <testsuite name="../docs/features/A140_Unordered_Keyword.md" tests="4" failures="0" errors="0" skipped="0" time="0.318106000">
    <testcase name="&quot;I get&quot; without the modifier" classname="../docs/features/A140_Unordered_Keyword.md" time="0.105261000"/>
    <testcase name="same &quot;I get&quot; with the modifier" classname="../docs/features/A140_Unordered_Keyword.md" time="0.001997000"/>
    <testcase name="&quot;contains&quot; without the modifier" classname="../docs/features/A140_Unordered_Keyword.md" time="0.106595000"/>
    <testcase name="same &quot;contains&quot; but with the &quot;unordered&quot; modifier" classname="../docs/features/A140_Unordered_Keyword.md" time="0.001978000"/>
  </testsuite>
  <testsuite name="../docs/features/A150_Background_Keyword.md" tests="4" failures="0" errors="0" skipped="0" time="0.101872000">
    <testcase name="lets erase what was created by previous background runs" classname="../docs/features/A150_Background_Keyword.md" time="0.000245000"/>
    <testcase name="Two Background executed" classname="../docs/features/A150_Background_Keyword.md" time="0.000086000"/>
    <testcase name="lets erase once more what was created by previous background runs" classname="../docs/features/A150_Background_Keyword.md" time="0.000212000"/>
    <testcase name="only first background should apply" classname="../docs/features/A150_Background_Keyword.md" time="0.000087000"/>
  </testsuite>
  <testsuite name="../docs/features/A160_Ignoring_Blank_Lines.md" tests="4" failures="0" errors="0" skipped="0" time="0.725966000">
    <testcase name="some obvious tests" classname="../docs/features/A160_Ignoring_Blank_Lines.md" time="0.000232000"/>
    <testcase name="default behavior, non sensible to blank lines" classname="../docs/features/A160_Ignoring_Blank_Lines.md" time="0.206334000"/>
    <testcase name="with --exact_match, sensible to blank lines" classname="../docs/features/A160_Ignoring_Blank_Lines.md" time="0.208924000"/>
    <testcase name="with --exact_match and --ignore_blank_lines, non sensible to blank lines" classname="../docs/features/A160_Ignoring_Blank_Lines.md" time="0.207163000"/>
  </testsuite>
  <testsuite name="../docs/features/A170_File_vs_File_Name.md" tests="3" failures="0" errors="0" skipped="0" time="0.106091000">
    <testcase name="&quot;Then I get file&quot; form" classname="../docs/features/A170_File_vs_File_Name.md" time="0.002791000"/>
    <testcase name="&quot;Then output is | contains | does not contain file&quot; form" classname="../docs/features/A170_File_vs_File_Name.md" time="0.002847000"/>
    <testcase name="&quot;Then file is | contains | does not contain file&quot; form" classname="../docs/features/A170_File_vs_File_Name.md" time="0.000232000"/>
  </testsuite>
  <testsuite name="../docs/features/A190_Run.md" tests="4" failures="0" errors="0" skipped="0" time="0.315792000">
    <testcase name="the command relative path is given" classname="../docs/features/A190_Run.md" time="0.002640000"/>
    <testcase name="the command is in the PATH" classname="../docs/features/A190_Run.md" time="0.002948000"/>
    <testcase name="command not found" classname="../docs/features/A190_Run.md" time="0.104193000"/>
    <testcase name="the command is not executable (Unix_Only)" classname="../docs/features/A190_Run.md" time="0.105655000"/>
  </testsuite>
  <testsuite name="../docs/features/A200_Regexp.md" tests="5" failures="0" errors="0" skipped="0" time="0.322836000">
    <testcase name="version number match" classname="../docs/features/A200_Regexp.md" time="0.003303000"/>
    <testcase name="version number mismatch" classname="../docs/features/A200_Regexp.md" time="0.108308000"/>
    <testcase name="Test of &quot;output does not match&quot;" classname="../docs/features/A200_Regexp.md" time="0.003378000"/>
    <testcase name="Test of &quot;output does not match&quot; that indeed matches" classname="../docs/features/A200_Regexp.md" time="0.106744000"/>
    <testcase name="test of &quot;file match&quot;" classname="../docs/features/A200_Regexp.md" time="0.000503000"/>
  </testsuite>
  <testsuite name="" tests="4" failures="0" errors="0" skipped="0" time="0.630388000">
    <testcase name="Human match" classname="" time="0.208650000"/>
    <testcase name="exact match" classname="" time="0.104272000"/>
    <testcase name="exact match except for casing" classname="" time="0.106091000"/>
    <testcase name="exact match except for casing and blank lines" classname="" time="0.105690000"/>
  </testsuite>
  <testsuite name="" tests="2" failures="0" errors="0" skipped="0" time="0.150068000">
    <testcase name="gcc version?" classname="" time="0.003961000"/>
    <testcase name="compiling and executing an hello word" classname="" time="0.045866000"/>
  </testsuite>
  <testsuite name="../docs/features/A230_select_exclude_include.md" tests="9" failures="0" errors="0" skipped="0" time="0.855891000">
    <testcase name="no filtering" classname="../docs/features/A230_select_exclude_include.md" time="0.108607000"/>
    <testcase name="step filtering" classname="../docs/features/A230_select_exclude_include.md" time="0.106918000"/>
    <testcase name="step selection" classname="../docs/features/A230_select_exclude_include.md" time="0.104846000"/>
    <testcase name="Selecting a scenario" classname="../docs/features/A230_select_exclude_include.md" time="0.108535000"/>
    <testcase name="selection is empty" classname="../docs/features/A230_select_exclude_include.md" time="0.002879000"/>
    <testcase name="Selecting a Background only" classname="../docs/features/A230_select_exclude_include.md" time="0.103467000"/>
    <testcase name="Select followed by an exclude" classname="../docs/features/A230_select_exclude_include.md" time="0.107074000"/>
    <testcase name="scenario Excluded followed by an include of a step inside" classname="../docs/features/A230_select_exclude_include.md" time="0.106915000"/>
    <testcase name="Exclude by file name" classname="../docs/features/A230_select_exclude_include.md" time="0.002912000"/>
  </testsuite>
  <testsuite name="../docs/features/B010_Deleting_created_files.md" tests="2" failures="0" errors="0" skipped="0" time="0.313572000">
    <testcase name="run without --cleanup" classname="../docs/features/B010_Deleting_created_files.md" time="0.105276000"/>
    <testcase name="run with --cleanup" classname="../docs/features/B010_Deleting_created_files.md" time="0.106048000"/>
  </testsuite>
  <testsuite name="../docs/features/B020_Exec_dir.md" tests="2" failures="0" errors="0" skipped="0" time="0.310172000">
    <testcase name="Lets run `create_tree` in the current dir" classname="../docs/features/B020_Exec_dir.md" time="0.103729000"/>
    <testcase name="Lets run `create_tree` in ./dir2" classname="../docs/features/B020_Exec_dir.md" time="0.104337000"/>
  </testsuite>
  <testsuite name="../docs/features/B030_File_creation_in_Given_steps.md" tests="3" failures="0" errors="0" skipped="0" time="0.105306000">
    <testcase name="a required file does not exist" classname="../docs/features/B030_File_creation_in_Given_steps.md" time="0.004270000"/>
    <testcase name="the required file is created" classname="../docs/features/B030_File_creation_in_Given_steps.md" time="0.000411000"/>
    <testcase name="&quot;Given there is no&quot;, when there actually is, should erase the file" classname="../docs/features/B030_File_creation_in_Given_steps.md" time="0.000273000"/>
  </testsuite>
  <testsuite name="../docs/features/B040_Find_scenarios.md" tests="6" failures="0" errors="0" skipped="0" time="0.124321000">
    <testcase name="no file or dir on the command line" classname="../docs/features/B040_Find_scenarios.md" time="0.003065000"/>
    <testcase name="running all scenarios in dir1" classname="../docs/features/B040_Find_scenarios.md" time="0.002610000"/>
    <testcase name="running multiple scenarios given on command line" classname="../docs/features/B040_Find_scenarios.md" time="0.001768000"/>
    <testcase name="running scenarios in a tree thanks to `-r`" classname="../docs/features/B040_Find_scenarios.md" time="0.003413000"/>
    <testcase name="error msg when trying to run scenarios, but none found in given directories" classname="../docs/features/B040_Find_scenarios.md" time="0.002362000"/>
    <testcase name="empty list file on list_files if there is no scenario in given directories" classname="../docs/features/B040_Find_scenarios.md" time="0.002471000"/>
  </testsuite>
  <testsuite name="../docs/features/B050_Strict_gherkin.md" tests="1" failures="0" errors="0" skipped="0" time="0.315025000">
    <testcase name="Multiple When in a scenario" classname="../docs/features/B050_Strict_gherkin.md" time="0.214814000"/>
  </testsuite>
  <testsuite name="../docs/features/B060_Return_code_on_test_failure.md" tests="3" failures="0" errors="0" skipped="0" time="0.416807000">
    <testcase name="return code on test success" classname="../docs/features/B060_Return_code_on_test_failure.md" time="0.105165000"/>
    <testcase name="return code when the test fail" classname="../docs/features/B060_Return_code_on_test_failure.md" time="0.105881000"/>
    <testcase name="return code when one fail and the other succeed" classname="../docs/features/B060_Return_code_on_test_failure.md" time="0.105418000"/>
  </testsuite>
  <testsuite name="" tests="1" failures="0" errors="0" skipped="0" time="0.100842000">
    <testcase name="" classname="" time="0.000388000"/>
  </testsuite>
  <testsuite name="../docs/features/B080_Keep_Going.md" tests="2" failures="0" errors="0" skipped="0" time="0.311694000">
    <testcase name="with `-k`" classname="../docs/features/B080_Keep_Going.md" time="0.107484000"/>
    <testcase name="without `-k`" classname="../docs/features/B080_Keep_Going.md" time="0.103431000"/>
  </testsuite>
  <testsuite name="../docs/features/B090_tmp_dir.md" tests="4" failures="0" errors="0" skipped="0" time="0.529685000">
    <testcase name="Current dir, no cleanup" classname="../docs/features/B090_tmp_dir.md" time="0.107363000"/>
    <testcase name="Current dir, with cleanup" classname="../docs/features/B090_tmp_dir.md" time="0.105613000"/>
    <testcase name="Within dir1, no cleanup" classname="../docs/features/B090_tmp_dir.md" time="0.106045000"/>
    <testcase name="Within dir1, with cleanup" classname="../docs/features/B090_tmp_dir.md" time="0.107026000"/>
  </testsuite>
  <testsuite name="" tests="3" failures="0" errors="0" skipped="0" time="0.418545000">
    <testcase name="default mode run" classname="" time="0.106054000"/>
    <testcase name="verbose mode run" classname="" time="0.105764000"/>
    <testcase name="run with an error" classname="" time="0.105022000"/>
  </testsuite>
  <testsuite name="../docs/features/B110_Spawn.md" tests="2" failures="0" errors="0" skipped="0" time="0.108449000">
    <testcase name="Directory with space in the name (Unix_Only)" classname="../docs/features/B110_Spawn.md" time="0.003071000"/>
    <testcase name="Command with quoted arguments (Unix_Only)" classname="../docs/features/B110_Spawn.md" time="0.004858000"/>
  </testsuite>
  <testsuite name="" tests="5" failures="0" errors="0" skipped="0" time="0.667307000">
    <testcase name="Quiet mode run" classname="" time="0.116870000"/>
    <testcase name="Default mode run" classname="" time="0.117260000"/>
    <testcase name="Verbose mode run" classname="" time="0.117773000"/>
    <testcase name="Normal mode with an error" classname="" time="0.106899000"/>
    <testcase name="Quiet mode with an error" classname="" time="0.106751000"/>
  </testsuite>
  <testsuite name="../docs/features/B130_Cmd_Line_Help.md" tests="5" failures="0" errors="0" skipped="0" time="0.128077000">
    <testcase name="calling bbt without parameter or with -h put the normal help" classname="../docs/features/B130_Cmd_Line_Help.md" time="0.008634000"/>
    <testcase name="filtering help" classname="../docs/features/B130_Cmd_Line_Help.md" time="0.002590000"/>
    <testcase name="matching help" classname="../docs/features/B130_Cmd_Line_Help.md" time="0.002637000"/>
    <testcase name="others help" classname="../docs/features/B130_Cmd_Line_Help.md" time="0.002166000"/>
    <testcase name="On_All help" classname="../docs/features/B130_Cmd_Line_Help.md" time="0.006135000"/>
  </testsuite>
  <testsuite name="" tests="2" failures="0" errors="0" skipped="0" time="0.753941000">
    <testcase name="Successful run index file" classname="" time="0.334784000"/>
    <testcase name="Unsuccessful run index file" classname="" time="0.318936000"/>
  </testsuite>
  <testsuite name="../docs/features/B150_Deprecated_Options.md" tests="1" failures="0" errors="0" skipped="0" time="0.205589000">
    <testcase name="--output option" classname="../docs/features/B150_Deprecated_Options.md" time="0.105373000"/>
  </testsuite>
  <testsuite name="../docs/features/B160_JUnit_XML_Export.md" tests="5" failures="0" errors="0" skipped="1" time="0.542214000">
    <testcase name="1 : Basic file with only a single scenario" classname="../docs/features/B160_JUnit_XML_Export.md" time="0.109198000"/>
    <testcase name="1: both scenario are run" classname="../docs/features/B160_JUnit_XML_Export.md" time="0.108595000"/>
    <testcase name="2 : one scenario is skipped" classname="../docs/features/B160_JUnit_XML_Export.md" time="0.106722000"/>
    <testcase name="Test XML escaping with special characters" classname="../docs/features/B160_JUnit_XML_Export.md" time="0.116873000"/>
  </testsuite>
  <testsuite name="" tests="2" failures="0" errors="0" skipped="0" time="0.308180000">
    <testcase name="No step test" classname="" time="0.104413000"/>
    <testcase name="No scenario in Feature" classname="" time="0.103498000"/>
  </testsuite>
  <testsuite name="../docs/features/C030_Markdown_syntax.md" tests="2" failures="0" errors="0" skipped="0" time="1.139106000">
    <testcase name="Heading variations" classname="../docs/features/C030_Markdown_syntax.md" time="0.934550000"/>
    <testcase name="Missing heading marker" classname="../docs/features/C030_Markdown_syntax.md" time="0.104211000"/>
  </testsuite>
  <testsuite name="" tests="1" failures="0" errors="0" skipped="0" time="0.207211000">
    <testcase name="Missing tittle in scenario, background and feature" classname="" time="0.106965000"/>
  </testsuite>
  <testsuite name="../docs/features/C050_Step_marker.md" tests="1" failures="0" errors="0" skipped="0" time="0.205285000">
    <testcase name="" classname="../docs/features/C050_Step_marker.md" time="0.104454000"/>
  </testsuite>
  <testsuite name="" tests="1" failures="0" errors="0" skipped="0" time="0.207044000">
    <testcase name="Code fenced blocks" classname="" time="0.106781000"/>
  </testsuite>
  <testsuite name="../docs/features/C070_missing_code_block.md" tests="4" failures="0" errors="0" skipped="0" time="0.114461000">
    <testcase name="Code block missing at the end of the file" classname="../docs/features/C070_missing_code_block.md" time="0.003116000"/>
    <testcase name="Code block missing while reaching next step" classname="../docs/features/C070_missing_code_block.md" time="0.002847000"/>
    <testcase name="Code block missing while reaching next scenario" classname="../docs/features/C070_missing_code_block.md" time="0.002934000"/>
    <testcase name="Closing code block mark missing" classname="../docs/features/C070_missing_code_block.md" time="0.005113000"/>
  </testsuite>
  <testsuite name="../docs/features/C080_missing_scenario.md" tests="2" failures="0" errors="0" skipped="0" time="0.307733000">
    <testcase name="Steps without scenario header" classname="../docs/features/C080_missing_scenario.md" time="0.103629000"/>
    <testcase name="Empty file" classname="../docs/features/C080_missing_scenario.md" time="0.103319000"/>
  </testsuite>
  <testsuite name="../docs/features/C090_GNU_Error_Msg_Format.md" tests="1" failures="0" errors="0" skipped="0" time="0.211803000">
    <testcase name="" classname="../docs/features/C090_GNU_Error_Msg_Format.md" time="0.111224000"/>
  </testsuite>
  <testsuite name="" tests="1" failures="0" errors="0" skipped="0" time="0.207688000">
    <testcase name="Detection of ambiguous use of multiple recognized verbs in the same Step" classname="" time="0.107478000"/>
  </testsuite>
  <testsuite name="../docs/features/C120_Ill_Formated_Steps.md" tests="1" failures="0" errors="0" skipped="0" time="0.211156000">
    <testcase name="" classname="../docs/features/C120_Ill_Formated_Steps.md" time="0.110766000"/>
  </testsuite>
</testsuites>
